Making install in src
Making install in liblzma
Making install in api
 /bin/mkdir -p '/home/brandon/Projects/root-6.10.04/root/include'
 /bin/mkdir -p '/home/brandon/Projects/root-6.10.04/root/include/lzma'
 /usr/bin/install -c -m 644  lzma/base.h lzma/bcj.h lzma/block.h lzma/check.h lzma/container.h lzma/delta.h lzma/filter.h lzma/hardware.h lzma/index.h lzma/index_hash.h lzma/lzma12.h lzma/stream_flags.h lzma/version.h lzma/vli.h '/home/brandon/Projects/root-6.10.04/root/include/lzma'
 /usr/bin/install -c -m 644  lzma.h '/home/brandon/Projects/root-6.10.04/root/include/.'
 /bin/mkdir -p '/home/brandon/Projects/root-6.10.04/root/lib'
 /bin/bash ../../libtool   --mode=install /usr/bin/install -c   liblzma.la '/home/brandon/Projects/root-6.10.04/root/lib'
libtool: install: /usr/bin/install -c .libs/liblzma.lai /home/brandon/Projects/root-6.10.04/root/lib/liblzma.la
libtool: install: /usr/bin/install -c .libs/liblzma.a /home/brandon/Projects/root-6.10.04/root/lib/liblzma.a
libtool: install: chmod 644 /home/brandon/Projects/root-6.10.04/root/lib/liblzma.a
libtool: install: ranlib /home/brandon/Projects/root-6.10.04/root/lib/liblzma.a
libtool: finish: PATH="/usr/local/sbin:/usr/local/bin:/usr/sbin:/usr/bin:/sbin:/bin:/usr/games:/usr/local/games:/snap/bin:/sbin" ldconfig -n /home/brandon/Projects/root-6.10.04/root/lib
----------------------------------------------------------------------
Libraries have been installed in:
   /home/brandon/Projects/root-6.10.04/root/lib

If you ever happen to want to link against installed libraries
in a given directory, LIBDIR, you must either use libtool, and
specify the full pathname of the library, or use the '-LLIBDIR'
flag during linking and do at least one of the following:
   - add LIBDIR to the 'LD_LIBRARY_PATH' environment variable
     during execution
   - add LIBDIR to the 'LD_RUN_PATH' environment variable
     during linking
   - use the '-Wl,-rpath -Wl,LIBDIR' linker flag
   - have your system administrator add LIBDIR to '/etc/ld.so.conf'

See any operating system documentation about shared libraries for
more information, such as the ld(1) and ld.so(8) manual pages.
----------------------------------------------------------------------
 /bin/mkdir -p '/home/brandon/Projects/root-6.10.04/root/lib/pkgconfig'
 /usr/bin/install -c -m 644 liblzma.pc '/home/brandon/Projects/root-6.10.04/root/lib/pkgconfig'
Making install in xzdec
 /bin/mkdir -p '/home/brandon/Projects/root-6.10.04/root/bin'
  /bin/bash ../../libtool   --mode=install /usr/bin/install -c xzdec lzmadec '/home/brandon/Projects/root-6.10.04/root/bin'
libtool: install: /usr/bin/install -c xzdec /home/brandon/Projects/root-6.10.04/root/bin/xzdec
libtool: install: /usr/bin/install -c lzmadec /home/brandon/Projects/root-6.10.04/root/bin/lzmadec
 /bin/mkdir -p '/home/brandon/Projects/root-6.10.04/root/share/man/man1'
 /usr/bin/install -c -m 644 xzdec.1 '/home/brandon/Projects/root-6.10.04/root/share/man/man1'
Making install in xz
 /bin/mkdir -p '/home/brandon/Projects/root-6.10.04/root/bin'
  /bin/bash ../../libtool   --mode=install /usr/bin/install -c xz '/home/brandon/Projects/root-6.10.04/root/bin'
libtool: install: /usr/bin/install -c xz /home/brandon/Projects/root-6.10.04/root/bin/xz
 /bin/mkdir -p '/home/brandon/Projects/root-6.10.04/root/share/man/man1'
 /usr/bin/install -c -m 644 xz.1 '/home/brandon/Projects/root-6.10.04/root/share/man/man1'
Making install in lzmainfo
 /bin/mkdir -p '/home/brandon/Projects/root-6.10.04/root/bin'
  /bin/bash ../../libtool   --mode=install /usr/bin/install -c lzmainfo '/home/brandon/Projects/root-6.10.04/root/bin'
libtool: install: /usr/bin/install -c lzmainfo /home/brandon/Projects/root-6.10.04/root/bin/lzmainfo
 /bin/mkdir -p '/home/brandon/Projects/root-6.10.04/root/share/man/man1'
 /usr/bin/install -c -m 644 lzmainfo.1 '/home/brandon/Projects/root-6.10.04/root/share/man/man1'
Making install in scripts
 /bin/mkdir -p '/home/brandon/Projects/root-6.10.04/root/bin'
 /usr/bin/install -c xzdiff xzgrep xzmore xzless '/home/brandon/Projects/root-6.10.04/root/bin'
 /bin/mkdir -p '/home/brandon/Projects/root-6.10.04/root/share/man/man1'
 /usr/bin/install -c -m 644 xzdiff.1 xzgrep.1 xzmore.1 xzless.1 '/home/brandon/Projects/root-6.10.04/root/share/man/man1'
Making install in po
installing cs.gmo as /home/brandon/Projects/root-6.10.04/root/share/locale/cs/LC_MESSAGES/xz.mo
installing de.gmo as /home/brandon/Projects/root-6.10.04/root/share/locale/de/LC_MESSAGES/xz.mo
installing fr.gmo as /home/brandon/Projects/root-6.10.04/root/share/locale/fr/LC_MESSAGES/xz.mo
installing it.gmo as /home/brandon/Projects/root-6.10.04/root/share/locale/it/LC_MESSAGES/xz.mo
installing pl.gmo as /home/brandon/Projects/root-6.10.04/root/share/locale/pl/LC_MESSAGES/xz.mo
installing vi.gmo as /home/brandon/Projects/root-6.10.04/root/share/locale/vi/LC_MESSAGES/xz.mo
Making install in tests
 /bin/mkdir -p '/home/brandon/Projects/root-6.10.04/root/share/doc/xz'
 /usr/bin/install -c -m 644 AUTHORS COPYING COPYING.GPLv2 NEWS README THANKS TODO doc/faq.txt doc/history.txt doc/xz-file-format.txt doc/lzma-file-format.txt '/home/brandon/Projects/root-6.10.04/root/share/doc/xz'
 /bin/mkdir -p '/home/brandon/Projects/root-6.10.04/root/share/doc/xz/examples'
 /usr/bin/install -c -m 644 doc/examples/00_README.txt doc/examples/01_compress_easy.c doc/examples/02_decompress.c doc/examples/03_compress_custom.c doc/examples/04_compress_easy_mt.c doc/examples/Makefile '/home/brandon/Projects/root-6.10.04/root/share/doc/xz/examples'
 /bin/mkdir -p '/home/brandon/Projects/root-6.10.04/root/share/doc/xz/examples_old'
 /usr/bin/install -c -m 644 doc/examples_old/xz_pipe_comp.c doc/examples_old/xz_pipe_decomp.c '/home/brandon/Projects/root-6.10.04/root/share/doc/xz/examples_old'
