This file contains any messages produced by compilers while
running configure, to aid debugging if configure makes a mistake.

It was created by libAfterImage configure 1.20, which was
generated by GNU Autoconf 2.59.  Invocation command line was

  $ ./configure --prefix /home/brandon/Projects/root-6.10.04/root --libdir=/home/brandon/Projects/root-6.10.04/root/lib --with-ttf --with-afterbase=no --without-svg --disable-glx --with-builtin-ungif --with-jpeg --with-builtin-jpeg --with-png --with-png-includes=/usr/include --with-tiff=no CC=/usr/bin/cc CFLAGS=

## --------- ##
## Platform. ##
## --------- ##

hostname = ubuntu
uname -m = x86_64
uname -r = 4.18.0-15-generic
uname -s = Linux
uname -v = #16~18.04.1-Ubuntu SMP Thu Feb 7 14:06:04 UTC 2019

/usr/bin/uname -p = unknown
/bin/uname -X     = unknown

/bin/arch              = unknown
/usr/bin/arch -k       = unknown
/usr/convex/getsysinfo = unknown
hostinfo               = unknown
/bin/machine           = unknown
/usr/bin/oslevel       = unknown
/bin/universe          = unknown

PATH: /usr/local/sbin
PATH: /usr/local/bin
PATH: /usr/sbin
PATH: /usr/bin
PATH: /sbin
PATH: /bin
PATH: /usr/games
PATH: /usr/local/games
PATH: /snap/bin


## ----------- ##
## Core tests. ##
## ----------- ##

configure:1647: checking for gcc
configure:1673: result: /usr/bin/cc
configure:1917: checking for C compiler version
configure:1920: /usr/bin/cc --version </dev/null >&5
cc (Ubuntu 7.3.0-27ubuntu1~18.04) 7.3.0
Copyright (C) 2017 Free Software Foundation, Inc.
This is free software; see the source for copying conditions.  There is NO
warranty; not even for MERCHANTABILITY or FITNESS FOR A PARTICULAR PURPOSE.

configure:1923: $? = 0
configure:1925: /usr/bin/cc -v </dev/null >&5
Using built-in specs.
COLLECT_GCC=/usr/bin/cc
COLLECT_LTO_WRAPPER=/usr/lib/gcc/x86_64-linux-gnu/7/lto-wrapper
OFFLOAD_TARGET_NAMES=nvptx-none
OFFLOAD_TARGET_DEFAULT=1
Target: x86_64-linux-gnu
Configured with: ../src/configure -v --with-pkgversion='Ubuntu 7.3.0-27ubuntu1~18.04' --with-bugurl=file:///usr/share/doc/gcc-7/README.Bugs --enable-languages=c,ada,c++,go,brig,d,fortran,objc,obj-c++ --prefix=/usr --with-gcc-major-version-only --program-suffix=-7 --program-prefix=x86_64-linux-gnu- --enable-shared --enable-linker-build-id --libexecdir=/usr/lib --without-included-gettext --enable-threads=posix --libdir=/usr/lib --enable-nls --with-sysroot=/ --enable-clocale=gnu --enable-libstdcxx-debug --enable-libstdcxx-time=yes --with-default-libstdcxx-abi=new --enable-gnu-unique-object --disable-vtable-verify --enable-libmpx --enable-plugin --enable-default-pie --with-system-zlib --with-target-system-zlib --enable-objc-gc=auto --enable-multiarch --disable-werror --with-arch-32=i686 --with-abi=m64 --with-multilib-list=m32,m64,mx32 --enable-multilib --with-tune=generic --enable-offload-targets=nvptx-none --without-cuda-driver --enable-checking=release --build=x86_64-linux-gnu --host=x86_64-linux-gnu --target=x86_64-linux-gnu
Thread model: posix
gcc version 7.3.0 (Ubuntu 7.3.0-27ubuntu1~18.04) 
configure:1928: $? = 0
configure:1930: /usr/bin/cc -V </dev/null >&5
cc: error: unrecognized command line option '-V'
cc: fatal error: no input files
compilation terminated.
configure:1933: $? = 1
configure:1956: checking for C compiler default output file name
configure:1959: /usr/bin/cc    conftest.c  >&5
configure:1962: $? = 0
configure:2008: result: a.out
configure:2013: checking whether the C compiler works
configure:2019: ./a.out
configure:2022: $? = 0
configure:2039: result: yes
configure:2046: checking whether we are cross compiling
configure:2048: result: no
configure:2051: checking for suffix of executables
configure:2053: /usr/bin/cc -o conftest    conftest.c  >&5
configure:2056: $? = 0
configure:2081: result: 
configure:2087: checking for suffix of object files
configure:2108: /usr/bin/cc -c   conftest.c >&5
configure:2111: $? = 0
configure:2133: result: o
configure:2137: checking whether we are using the GNU C compiler
configure:2161: /usr/bin/cc -c   conftest.c >&5
configure:2167: $? = 0
configure:2170: test -z 			 || test ! -s conftest.err
configure:2173: $? = 0
configure:2176: test -s conftest.o
configure:2179: $? = 0
configure:2192: result: yes
configure:2198: checking whether /usr/bin/cc accepts -g
configure:2219: /usr/bin/cc -c -g  conftest.c >&5
configure:2225: $? = 0
configure:2228: test -z 			 || test ! -s conftest.err
configure:2231: $? = 0
configure:2234: test -s conftest.o
configure:2237: $? = 0
configure:2248: result: yes
configure:2265: checking for /usr/bin/cc option to accept ANSI C
configure:2335: /usr/bin/cc  -c   conftest.c >&5
configure:2341: $? = 0
configure:2344: test -z 			 || test ! -s conftest.err
configure:2347: $? = 0
configure:2350: test -s conftest.o
configure:2353: $? = 0
configure:2371: result: none needed
configure:2389: /usr/bin/cc -c   conftest.c >&5
conftest.c:2:3: error: unknown type name 'choke'
   choke me
   ^~~~~
conftest.c:2:3: error: expected '=', ',', ';', 'asm' or '__attribute__' at end of input
configure:2395: $? = 1
configure: failed program was:
| #ifndef __cplusplus
|   choke me
| #endif
configure:2525: checking whether ln -s works
configure:2529: result: yes
configure:2569: checking build system type
configure:2587: result: x86_64-unknown-linux-gnu
configure:2595: checking host system type
configure:2609: result: x86_64-unknown-linux-gnu
configure:2622: checking target system type
configure:2636: result: x86_64-unknown-linux-gnu
configure:2767: checking for a BSD-compatible install
configure:2822: result: /usr/bin/install -c
configure:2880: checking for ranlib
configure:2896: found /usr/bin/ranlib
configure:2907: result: ranlib
configure:2921: checking for rm
configure:2939: found /bin/rm
configure:2952: result: /bin/rm
configure:2961: checking for mv
configure:2979: found /bin/mv
configure:2992: result: /bin/mv
configure:3001: checking for cp
configure:3019: found /bin/cp
configure:3032: result: /bin/cp
configure:3041: checking for mkdir
configure:3059: found /bin/mkdir
configure:3072: result: /bin/mkdir
configure:3081: checking for perl
configure:3099: found /usr/bin/perl
configure:3112: result: /usr/bin/perl
configure:3121: checking for find
configure:3139: found /usr/bin/find
configure:3152: result: /usr/bin/find
configure:3161: checking for xargs
configure:3179: found /usr/bin/xargs
configure:3192: result: /usr/bin/xargs
configure:3201: checking for ldconfig
configure:3220: found /sbin/ldconfig
configure:3233: result: /sbin/ldconfig
configure:3257: checking for MMX support
configure:3278: /usr/bin/cc -c -O3 -DNO_DEBUG_OUTPUT -fPIC -mmmx  conftest.c >&5
configure:3284: $? = 0
configure:3287: test -z 			 || test ! -s conftest.err
configure:3290: $? = 0
configure:3293: test -s conftest.o
configure:3296: $? = 0
configure:3306: result: yes
configure:3329: checking how to run the C preprocessor
configure:3364: /usr/bin/cc -E  conftest.c
configure:3370: $? = 0
configure:3402: /usr/bin/cc -E  conftest.c
conftest.c:10:10: fatal error: ac_nonexistent.h: No such file or directory
 #include <ac_nonexistent.h>
          ^~~~~~~~~~~~~~~~~~
compilation terminated.
configure:3408: $? = 1
configure: failed program was:
| /* confdefs.h.  */
| 
| #define PACKAGE_NAME "libAfterImage"
| #define PACKAGE_TARNAME "libAfterImage.tar"
| #define PACKAGE_VERSION "1.20"
| #define PACKAGE_STRING "libAfterImage 1.20"
| #define PACKAGE_BUGREPORT "as-bugs@afterstep.org"
| #define HAVE_MMX 1
| /* end confdefs.h.  */
| #include <ac_nonexistent.h>
configure:3447: result: /usr/bin/cc -E
configure:3471: /usr/bin/cc -E  conftest.c
configure:3477: $? = 0
configure:3509: /usr/bin/cc -E  conftest.c
conftest.c:10:10: fatal error: ac_nonexistent.h: No such file or directory
 #include <ac_nonexistent.h>
          ^~~~~~~~~~~~~~~~~~
compilation terminated.
configure:3515: $? = 1
configure: failed program was:
| /* confdefs.h.  */
| 
| #define PACKAGE_NAME "libAfterImage"
| #define PACKAGE_TARNAME "libAfterImage.tar"
| #define PACKAGE_VERSION "1.20"
| #define PACKAGE_STRING "libAfterImage 1.20"
| #define PACKAGE_BUGREPORT "as-bugs@afterstep.org"
| #define HAVE_MMX 1
| /* end confdefs.h.  */
| #include <ac_nonexistent.h>
configure:3561: checking for X
configure:3667: /usr/bin/cc -E  conftest.c
configure:3673: $? = 0
configure:3723: /usr/bin/cc -o conftest -O3 -DNO_DEBUG_OUTPUT -fPIC   conftest.c -lX11  >&5
configure:3729: $? = 0
configure:3732: test -z 			 || test ! -s conftest.err
configure:3735: $? = 0
configure:3738: test -s conftest
configure:3741: $? = 0
configure:3795: result: libraries , headers in standard search path
configure:3966: /usr/bin/cc -o conftest -O3 -DNO_DEBUG_OUTPUT -fPIC   conftest.c   -lX11 >&5
configure:3972: $? = 0
configure:3975: test -z 			 || test ! -s conftest.err
configure:3978: $? = 0
configure:3981: test -s conftest
configure:3984: $? = 0
configure:4140: checking for gethostbyname
configure:4197: /usr/bin/cc -o conftest -O3 -DNO_DEBUG_OUTPUT -fPIC   conftest.c  >&5
configure:4203: $? = 0
configure:4206: test -z 			 || test ! -s conftest.err
configure:4209: $? = 0
configure:4212: test -s conftest
configure:4215: $? = 0
configure:4227: result: yes
configure:4376: checking for connect
configure:4433: /usr/bin/cc -o conftest -O3 -DNO_DEBUG_OUTPUT -fPIC   conftest.c  >&5
configure:4439: $? = 0
configure:4442: test -z 			 || test ! -s conftest.err
configure:4445: $? = 0
configure:4448: test -s conftest
configure:4451: $? = 0
configure:4463: result: yes
configure:4537: checking for remove
configure:4594: /usr/bin/cc -o conftest -O3 -DNO_DEBUG_OUTPUT -fPIC   conftest.c  >&5
configure:4600: $? = 0
configure:4603: test -z 			 || test ! -s conftest.err
configure:4606: $? = 0
configure:4609: test -s conftest
configure:4612: $? = 0
configure:4624: result: yes
configure:4698: checking for shmat
configure:4755: /usr/bin/cc -o conftest -O3 -DNO_DEBUG_OUTPUT -fPIC   conftest.c  >&5
configure:4761: $? = 0
configure:4764: test -z 			 || test ! -s conftest.err
configure:4767: $? = 0
configure:4770: test -s conftest
configure:4773: $? = 0
configure:4785: result: yes
configure:4868: checking for IceConnectionNumber in -lICE
configure:4898: /usr/bin/cc -o conftest -O3 -DNO_DEBUG_OUTPUT -fPIC   conftest.c -lICE   >&5
/usr/bin/ld: cannot find -lICE
collect2: error: ld returned 1 exit status
configure:4904: $? = 1
configure: failed program was:
| /* confdefs.h.  */
| 
| #define PACKAGE_NAME "libAfterImage"
| #define PACKAGE_TARNAME "libAfterImage.tar"
| #define PACKAGE_VERSION "1.20"
| #define PACKAGE_STRING "libAfterImage 1.20"
| #define PACKAGE_BUGREPORT "as-bugs@afterstep.org"
| #define HAVE_MMX 1
| /* end confdefs.h.  */
| 
| /* Override any gcc2 internal prototype to avoid an error.  */
| #ifdef __cplusplus
| extern "C"
| #endif
| /* We use char because int might match the return type of a gcc2
|    builtin and then its argument prototype would still apply.  */
| char IceConnectionNumber ();
| int
| main ()
| {
| IceConnectionNumber ();
|   ;
|   return 0;
| }
configure:4929: result: no
configure:4959: checking for XOpenDisplay in -lX11
configure:4989: /usr/bin/cc -o conftest -O3 -DNO_DEBUG_OUTPUT -fPIC   conftest.c -lX11     >&5
configure:4995: $? = 0
configure:4998: test -z 			 || test ! -s conftest.err
configure:5001: $? = 0
configure:5004: test -s conftest
configure:5007: $? = 0
configure:5020: result: yes
configure:5030: checking whether byte ordering is bigendian
configure:5057: /usr/bin/cc -c -O3 -DNO_DEBUG_OUTPUT -fPIC  conftest.c >&5
configure:5063: $? = 0
configure:5066: test -z 			 || test ! -s conftest.err
configure:5069: $? = 0
configure:5072: test -s conftest.o
configure:5075: $? = 0
configure:5099: /usr/bin/cc -c -O3 -DNO_DEBUG_OUTPUT -fPIC  conftest.c >&5
conftest.c: In function 'main':
conftest.c:17:2: error: unknown type name 'not'; did you mean 'ino_t'?
  not big endian
  ^~~
  ino_t
conftest.c:17:10: error: expected '=', ',', ';', 'asm' or '__attribute__' before 'endian'
  not big endian
          ^~~~~~
configure:5105: $? = 1
configure: failed program was:
| /* confdefs.h.  */
| 
| #define PACKAGE_NAME "libAfterImage"
| #define PACKAGE_TARNAME "libAfterImage.tar"
| #define PACKAGE_VERSION "1.20"
| #define PACKAGE_STRING "libAfterImage 1.20"
| #define PACKAGE_BUGREPORT "as-bugs@afterstep.org"
| #define HAVE_MMX 1
| /* end confdefs.h.  */
| #include <sys/types.h>
| #include <sys/param.h>
| 
| int
| main ()
| {
| #if BYTE_ORDER != BIG_ENDIAN
|  not big endian
| #endif
| 
|   ;
|   return 0;
| }
configure:5238: result: no
configure:5257: checking for inline
configure:5278: /usr/bin/cc -c -O3 -DNO_DEBUG_OUTPUT -fPIC  conftest.c >&5
configure:5284: $? = 0
configure:5287: test -z 			 || test ! -s conftest.err
configure:5290: $? = 0
configure:5293: test -s conftest.o
configure:5296: $? = 0
configure:5308: result: inline
configure:5327: checking for egrep
configure:5337: result: grep -E
configure:5342: checking for ANSI C header files
configure:5367: /usr/bin/cc -c -O3 -DNO_DEBUG_OUTPUT -fPIC  conftest.c >&5
configure:5373: $? = 0
configure:5376: test -z 			 || test ! -s conftest.err
configure:5379: $? = 0
configure:5382: test -s conftest.o
configure:5385: $? = 0
configure:5474: /usr/bin/cc -o conftest -O3 -DNO_DEBUG_OUTPUT -fPIC   conftest.c  >&5
conftest.c: In function 'main':
conftest.c:27:7: warning: implicit declaration of function 'exit' [-Wimplicit-function-declaration]
       exit(2);
       ^~~~
conftest.c:27:7: warning: incompatible implicit declaration of built-in function 'exit'
conftest.c:27:7: note: include '<stdlib.h>' or provide a declaration of 'exit'
conftest.c:28:3: warning: incompatible implicit declaration of built-in function 'exit'
   exit (0);
   ^~~~
conftest.c:28:3: note: include '<stdlib.h>' or provide a declaration of 'exit'
configure:5477: $? = 0
configure:5479: ./conftest
configure:5482: $? = 0
configure:5497: result: yes
configure:5521: checking for sys/types.h
configure:5537: /usr/bin/cc -c -O3 -DNO_DEBUG_OUTPUT -fPIC  conftest.c >&5
configure:5543: $? = 0
configure:5546: test -z 			 || test ! -s conftest.err
configure:5549: $? = 0
configure:5552: test -s conftest.o
configure:5555: $? = 0
configure:5566: result: yes
configure:5521: checking for sys/stat.h
configure:5537: /usr/bin/cc -c -O3 -DNO_DEBUG_OUTPUT -fPIC  conftest.c >&5
configure:5543: $? = 0
configure:5546: test -z 			 || test ! -s conftest.err
configure:5549: $? = 0
configure:5552: test -s conftest.o
configure:5555: $? = 0
configure:5566: result: yes
configure:5521: checking for stdlib.h
configure:5537: /usr/bin/cc -c -O3 -DNO_DEBUG_OUTPUT -fPIC  conftest.c >&5
configure:5543: $? = 0
configure:5546: test -z 			 || test ! -s conftest.err
configure:5549: $? = 0
configure:5552: test -s conftest.o
configure:5555: $? = 0
configure:5566: result: yes
configure:5521: checking for string.h
configure:5537: /usr/bin/cc -c -O3 -DNO_DEBUG_OUTPUT -fPIC  conftest.c >&5
configure:5543: $? = 0
configure:5546: test -z 			 || test ! -s conftest.err
configure:5549: $? = 0
configure:5552: test -s conftest.o
configure:5555: $? = 0
configure:5566: result: yes
configure:5521: checking for memory.h
configure:5537: /usr/bin/cc -c -O3 -DNO_DEBUG_OUTPUT -fPIC  conftest.c >&5
configure:5543: $? = 0
configure:5546: test -z 			 || test ! -s conftest.err
configure:5549: $? = 0
configure:5552: test -s conftest.o
configure:5555: $? = 0
configure:5566: result: yes
configure:5521: checking for strings.h
configure:5537: /usr/bin/cc -c -O3 -DNO_DEBUG_OUTPUT -fPIC  conftest.c >&5
configure:5543: $? = 0
configure:5546: test -z 			 || test ! -s conftest.err
configure:5549: $? = 0
configure:5552: test -s conftest.o
configure:5555: $? = 0
configure:5566: result: yes
configure:5521: checking for inttypes.h
configure:5537: /usr/bin/cc -c -O3 -DNO_DEBUG_OUTPUT -fPIC  conftest.c >&5
configure:5543: $? = 0
configure:5546: test -z 			 || test ! -s conftest.err
configure:5549: $? = 0
configure:5552: test -s conftest.o
configure:5555: $? = 0
configure:5566: result: yes
configure:5521: checking for stdint.h
configure:5537: /usr/bin/cc -c -O3 -DNO_DEBUG_OUTPUT -fPIC  conftest.c >&5
configure:5543: $? = 0
configure:5546: test -z 			 || test ! -s conftest.err
configure:5549: $? = 0
configure:5552: test -s conftest.o
configure:5555: $? = 0
configure:5566: result: yes
configure:5521: checking for unistd.h
configure:5537: /usr/bin/cc -c -O3 -DNO_DEBUG_OUTPUT -fPIC  conftest.c >&5
configure:5543: $? = 0
configure:5546: test -z 			 || test ! -s conftest.err
configure:5549: $? = 0
configure:5552: test -s conftest.o
configure:5555: $? = 0
configure:5566: result: yes
configure:5578: checking for long long
configure:5602: /usr/bin/cc -c -O3 -DNO_DEBUG_OUTPUT -fPIC  conftest.c >&5
configure:5608: $? = 0
configure:5611: test -z 			 || test ! -s conftest.err
configure:5614: $? = 0
configure:5617: test -s conftest.o
configure:5620: $? = 0
configure:5631: result: yes
configure:5643: checking whether time.h and sys/time.h may both be included
configure:5668: /usr/bin/cc -c -O3 -DNO_DEBUG_OUTPUT -fPIC  conftest.c >&5
configure:5674: $? = 0
configure:5677: test -z 			 || test ! -s conftest.err
configure:5680: $? = 0
configure:5683: test -s conftest.o
configure:5686: $? = 0
configure:5697: result: yes
configure:5728: checking sys/wait.h usability
configure:5740: /usr/bin/cc -c -O3 -DNO_DEBUG_OUTPUT -fPIC  conftest.c >&5
configure:5746: $? = 0
configure:5749: test -z 			 || test ! -s conftest.err
configure:5752: $? = 0
configure:5755: test -s conftest.o
configure:5758: $? = 0
configure:5768: result: yes
configure:5772: checking sys/wait.h presence
configure:5782: /usr/bin/cc -E  conftest.c
configure:5788: $? = 0
configure:5808: result: yes
configure:5843: checking for sys/wait.h
configure:5850: result: yes
configure:5728: checking sys/time.h usability
configure:5740: /usr/bin/cc -c -O3 -DNO_DEBUG_OUTPUT -fPIC  conftest.c >&5
configure:5746: $? = 0
configure:5749: test -z 			 || test ! -s conftest.err
configure:5752: $? = 0
configure:5755: test -s conftest.o
configure:5758: $? = 0
configure:5768: result: yes
configure:5772: checking sys/time.h presence
configure:5782: /usr/bin/cc -E  conftest.c
configure:5788: $? = 0
configure:5808: result: yes
configure:5843: checking for sys/time.h
configure:5850: result: yes
configure:5728: checking malloc.h usability
configure:5740: /usr/bin/cc -c -O3 -DNO_DEBUG_OUTPUT -fPIC  conftest.c >&5
configure:5746: $? = 0
configure:5749: test -z 			 || test ! -s conftest.err
configure:5752: $? = 0
configure:5755: test -s conftest.o
configure:5758: $? = 0
configure:5768: result: yes
configure:5772: checking malloc.h presence
configure:5782: /usr/bin/cc -E  conftest.c
configure:5788: $? = 0
configure:5808: result: yes
configure:5843: checking for malloc.h
configure:5850: result: yes
configure:5719: checking for stdlib.h
configure:5724: result: yes
configure:5719: checking for unistd.h
configure:5724: result: yes
configure:5728: checking stddef.h usability
configure:5740: /usr/bin/cc -c -O3 -DNO_DEBUG_OUTPUT -fPIC  conftest.c >&5
configure:5746: $? = 0
configure:5749: test -z 			 || test ! -s conftest.err
configure:5752: $? = 0
configure:5755: test -s conftest.o
configure:5758: $? = 0
configure:5768: result: yes
configure:5772: checking stddef.h presence
configure:5782: /usr/bin/cc -E  conftest.c
configure:5788: $? = 0
configure:5808: result: yes
configure:5843: checking for stddef.h
configure:5850: result: yes
configure:5728: checking stdarg.h usability
configure:5740: /usr/bin/cc -c -O3 -DNO_DEBUG_OUTPUT -fPIC  conftest.c >&5
configure:5746: $? = 0
configure:5749: test -z 			 || test ! -s conftest.err
configure:5752: $? = 0
configure:5755: test -s conftest.o
configure:5758: $? = 0
configure:5768: result: yes
configure:5772: checking stdarg.h presence
configure:5782: /usr/bin/cc -E  conftest.c
configure:5788: $? = 0
configure:5808: result: yes
configure:5843: checking for stdarg.h
configure:5850: result: yes
configure:5728: checking errno.h usability
configure:5740: /usr/bin/cc -c -O3 -DNO_DEBUG_OUTPUT -fPIC  conftest.c >&5
configure:5746: $? = 0
configure:5749: test -z 			 || test ! -s conftest.err
configure:5752: $? = 0
configure:5755: test -s conftest.o
configure:5758: $? = 0
configure:5768: result: yes
configure:5772: checking errno.h presence
configure:5782: /usr/bin/cc -E  conftest.c
configure:5788: $? = 0
configure:5808: result: yes
configure:5843: checking for errno.h
configure:5850: result: yes
configure:6236: checking for XShapeCombineMask in -lXext
configure:6266: /usr/bin/cc -o conftest -O3 -DNO_DEBUG_OUTPUT -fPIC   conftest.c -lXext     >&5
configure:6272: $? = 0
configure:6275: test -z 			 || test ! -s conftest.err
configure:6278: $? = 0
configure:6281: test -s conftest
configure:6284: $? = 0
configure:6297: result: yes
configure:6888: checking built-in JPEG library
configure:6902: result: yes
configure:6918: checking for unsigned char
configure:6942: /usr/bin/cc -c -O3 -DNO_DEBUG_OUTPUT -fPIC  conftest.c >&5
configure:6948: $? = 0
configure:6951: test -z 			 || test ! -s conftest.err
configure:6954: $? = 0
configure:6957: test -s conftest.o
configure:6960: $? = 0
configure:6971: result: yes
configure:6974: checking for unsigned short
configure:6998: /usr/bin/cc -c -O3 -DNO_DEBUG_OUTPUT -fPIC  conftest.c >&5
configure:7004: $? = 0
configure:7007: test -z 			 || test ! -s conftest.err
configure:7010: $? = 0
configure:7013: test -s conftest.o
configure:7016: $? = 0
configure:7027: result: yes
configure:7030: checking for an ANSI C-conforming const
configure:7097: /usr/bin/cc -c -O3 -DNO_DEBUG_OUTPUT -fPIC  conftest.c >&5
configure:7103: $? = 0
configure:7106: test -z 			 || test ! -s conftest.err
configure:7109: $? = 0
configure:7112: test -s conftest.o
configure:7115: $? = 0
configure:7126: result: yes
configure:7137: checking whether char is unsigned
configure:7160: /usr/bin/cc -c -O3 -DNO_DEBUG_OUTPUT -fPIC  conftest.c >&5
configure:7166: $? = 0
configure:7169: test -z 			 || test ! -s conftest.err
configure:7172: $? = 0
configure:7175: test -s conftest.o
configure:7178: $? = 0
configure:7189: result: no
configure:7228: checking png.h usability
configure:7240: /usr/bin/cc -c -O3 -DNO_DEBUG_OUTPUT -fPIC  -I/usr/include conftest.c >&5
configure:7246: $? = 0
configure:7249: test -z 			 || test ! -s conftest.err
configure:7252: $? = 0
configure:7255: test -s conftest.o
configure:7258: $? = 0
configure:7268: result: yes
configure:7272: checking png.h presence
configure:7282: /usr/bin/cc -E  -I/usr/include conftest.c
configure:7288: $? = 0
configure:7308: result: yes
configure:7343: checking for png.h
configure:7350: result: yes
configure:7375: checking zlib.h usability
configure:7387: /usr/bin/cc -c -O3 -DNO_DEBUG_OUTPUT -fPIC  -I/usr/include conftest.c >&5
configure:7393: $? = 0
configure:7396: test -z 			 || test ! -s conftest.err
configure:7399: $? = 0
configure:7402: test -s conftest.o
configure:7405: $? = 0
configure:7415: result: yes
configure:7419: checking zlib.h presence
configure:7429: /usr/bin/cc -E  -I/usr/include conftest.c
configure:7435: $? = 0
configure:7455: result: yes
configure:7490: checking for zlib.h
configure:7497: result: yes
configure:7514: checking for png_get_sRGB in png.h
configure:7533: result: yes
configure:7751: checking using built-in UNGIF library
configure:7765: result: yes
configure:8194: checking headers required by TTF support
configure:8212: result:  -I/usr/include/freetype2 -I/usr/include/libpng16
configure:8233: checking ft2build.h usability
configure:8245: /usr/bin/cc -c -O3 -DNO_DEBUG_OUTPUT -fPIC  -I/usr/include/freetype2 -I/usr/include/libpng16   -I/usr/include      -I/usr/include/freetype2 -I/usr/include/libpng16  conftest.c >&5
configure:8251: $? = 0
configure:8254: test -z 			 || test ! -s conftest.err
configure:8257: $? = 0
configure:8260: test -s conftest.o
configure:8263: $? = 0
configure:8273: result: yes
configure:8277: checking ft2build.h presence
configure:8287: /usr/bin/cc -E  -I/usr/include/freetype2 -I/usr/include/libpng16  conftest.c
configure:8293: $? = 0
configure:8313: result: yes
configure:8348: checking for ft2build.h
configure:8355: result: yes
configure:8368: checking freetype/freetype.h 
In file included from conftest.c:40:0:
/usr/include/freetype2/freetype/freetype.h:24:2: error: #error "`ft2build.h' hasn't been included yet!"
 #error "`ft2build.h' hasn't been included yet!"
  ^~~~~
/usr/include/freetype2/freetype/freetype.h:25:2: error: #error "Please always use macros to include FreeType header files."
 #error "Please always use macros to include FreeType header files."
  ^~~~~
/usr/include/freetype2/freetype/freetype.h:26:2: error: #error "Example:"
 #error "Example:"
  ^~~~~
/usr/include/freetype2/freetype/freetype.h:27:2: error: #error "  #include <ft2build.h>"
 #error "  #include <ft2build.h>"
  ^~~~~
/usr/include/freetype2/freetype/freetype.h:28:2: error: #error "  #include FT_FREETYPE_H"
 #error "  #include FT_FREETYPE_H"
  ^~~~~
configure:8512: /usr/bin/cc -o conftest -O3 -DNO_DEBUG_OUTPUT -fPIC  -I/usr/include/freetype2 -I/usr/include/libpng16   -I/usr/include      -I/usr/include/freetype2 -I/usr/include/libpng16   conftest.c  >&5
configure:8515: $? = 0
configure:8517: ./conftest
configure:8520: $? = 0
configure:8589: result: yes
configure:8790: checking libAfterBase
configure:8826: result: disabled
configure:8837: checking for dirent.h that defines DIR
configure:8861: /usr/bin/cc -c -O3 -DNO_DEBUG_OUTPUT -fPIC  conftest.c >&5
configure:8867: $? = 0
configure:8870: test -z 			 || test ! -s conftest.err
configure:8873: $? = 0
configure:8876: test -s conftest.o
configure:8879: $? = 0
configure:8890: result: yes
configure:8903: checking for library containing opendir
configure:8933: /usr/bin/cc -o conftest -O3 -DNO_DEBUG_OUTPUT -fPIC   conftest.c  >&5
configure:8939: $? = 0
configure:8942: test -z 			 || test ! -s conftest.err
configure:8945: $? = 0
configure:8948: test -s conftest
configure:8951: $? = 0
configure:9020: result: none required
configure:9168: checking sys/dirent.h usability
configure:9180: /usr/bin/cc -c -O3 -DNO_DEBUG_OUTPUT -fPIC  conftest.c >&5
conftest.c:77:10: fatal error: sys/dirent.h: No such file or directory
 #include <sys/dirent.h>
          ^~~~~~~~~~~~~~
compilation terminated.
configure:9186: $? = 1
configure: failed program was:
| /* confdefs.h.  */
| 
| #define PACKAGE_NAME "libAfterImage"
| #define PACKAGE_TARNAME "libAfterImage.tar"
| #define PACKAGE_VERSION "1.20"
| #define PACKAGE_STRING "libAfterImage 1.20"
| #define PACKAGE_BUGREPORT "as-bugs@afterstep.org"
| #define HAVE_MMX 1
| #define STDC_HEADERS 1
| #define HAVE_SYS_TYPES_H 1
| #define HAVE_SYS_STAT_H 1
| #define HAVE_STDLIB_H 1
| #define HAVE_STRING_H 1
| #define HAVE_MEMORY_H 1
| #define HAVE_STRINGS_H 1
| #define HAVE_INTTYPES_H 1
| #define HAVE_STDINT_H 1
| #define HAVE_UNISTD_H 1
| #define HAVE_LONG_LONG 1
| #define TIME_WITH_SYS_TIME 1
| #define HAVE_SYS_WAIT_H 1
| #define HAVE_SYS_TIME_H 1
| #define HAVE_MALLOC_H 1
| #define HAVE_STDLIB_H 1
| #define HAVE_UNISTD_H 1
| #define HAVE_STDDEF_H 1
| #define HAVE_STDARG_H 1
| #define HAVE_ERRNO_H 1
| #define SHAPE 1
| #define HAVE_XPM 1
| #define HAVE_JPEG 1
| #define HAVE_BUILTIN_JPEG 1
| #define HAVE_PROTOTYPES 1
| #define HAVE_ZLIB_H 1
| #define HAVE_PNG 1
| #define HAVE_GIF 1
| #define HAVE_BUILTIN_UNGIF 1
| #define HAVE_FT2BUILD_H 1
| #define HAVE_FREETYPE 1
| #define HAVE_FREETYPE_FREETYPE 1
| #define HAVE_DIRENT_H 1
| /* end confdefs.h.  */
| #include <stdio.h>
| #if HAVE_SYS_TYPES_H
| # include <sys/types.h>
| #endif
| #if HAVE_SYS_STAT_H
| # include <sys/stat.h>
| #endif
| #if STDC_HEADERS
| # include <stdlib.h>
| # include <stddef.h>
| #else
| # if HAVE_STDLIB_H
| #  include <stdlib.h>
| # endif
| #endif
| #if HAVE_STRING_H
| # if !STDC_HEADERS && HAVE_MEMORY_H
| #  include <memory.h>
| # endif
| # include <string.h>
| #endif
| #if HAVE_STRINGS_H
| # include <strings.h>
| #endif
| #if HAVE_INTTYPES_H
| # include <inttypes.h>
| #else
| # if HAVE_STDINT_H
| #  include <stdint.h>
| # endif
| #endif
| #if HAVE_UNISTD_H
| # include <unistd.h>
| #endif
| #include <sys/dirent.h>
configure:9208: result: no
configure:9212: checking sys/dirent.h presence
configure:9222: /usr/bin/cc -E  conftest.c
conftest.c:43:10: fatal error: sys/dirent.h: No such file or directory
 #include <sys/dirent.h>
          ^~~~~~~~~~~~~~
compilation terminated.
configure:9228: $? = 1
configure: failed program was:
| /* confdefs.h.  */
| 
| #define PACKAGE_NAME "libAfterImage"
| #define PACKAGE_TARNAME "libAfterImage.tar"
| #define PACKAGE_VERSION "1.20"
| #define PACKAGE_STRING "libAfterImage 1.20"
| #define PACKAGE_BUGREPORT "as-bugs@afterstep.org"
| #define HAVE_MMX 1
| #define STDC_HEADERS 1
| #define HAVE_SYS_TYPES_H 1
| #define HAVE_SYS_STAT_H 1
| #define HAVE_STDLIB_H 1
| #define HAVE_STRING_H 1
| #define HAVE_MEMORY_H 1
| #define HAVE_STRINGS_H 1
| #define HAVE_INTTYPES_H 1
| #define HAVE_STDINT_H 1
| #define HAVE_UNISTD_H 1
| #define HAVE_LONG_LONG 1
| #define TIME_WITH_SYS_TIME 1
| #define HAVE_SYS_WAIT_H 1
| #define HAVE_SYS_TIME_H 1
| #define HAVE_MALLOC_H 1
| #define HAVE_STDLIB_H 1
| #define HAVE_UNISTD_H 1
| #define HAVE_STDDEF_H 1
| #define HAVE_STDARG_H 1
| #define HAVE_ERRNO_H 1
| #define SHAPE 1
| #define HAVE_XPM 1
| #define HAVE_JPEG 1
| #define HAVE_BUILTIN_JPEG 1
| #define HAVE_PROTOTYPES 1
| #define HAVE_ZLIB_H 1
| #define HAVE_PNG 1
| #define HAVE_GIF 1
| #define HAVE_BUILTIN_UNGIF 1
| #define HAVE_FT2BUILD_H 1
| #define HAVE_FREETYPE 1
| #define HAVE_FREETYPE_FREETYPE 1
| #define HAVE_DIRENT_H 1
| /* end confdefs.h.  */
| #include <sys/dirent.h>
configure:9248: result: no
configure:9283: checking for sys/dirent.h
configure:9290: result: no
configure:9491: creating ./config.status

## ---------------------- ##
## Running config.status. ##
## ---------------------- ##

This file was extended by libAfterImage config.status 1.20, which was
generated by GNU Autoconf 2.59.  Invocation command line was

  CONFIG_FILES    = 
  CONFIG_HEADERS  = 
  CONFIG_LINKS    = 
  CONFIG_COMMANDS = 
  $ ./config.status 

on ubuntu

config.status:765: creating Makefile
config.status:765: creating afterbase.h
config.status:765: creating afterimage-libs
config.status:765: creating afterimage-config
config.status:831: creating config.h

## ---------------- ##
## Cache variables. ##
## ---------------- ##

ac_cv_build=x86_64-unknown-linux-gnu
ac_cv_build_alias=x86_64-unknown-linux-gnu
ac_cv_c_bigendian=no
ac_cv_c_char_unsigned=no
ac_cv_c_compiler_gnu=yes
ac_cv_c_const=yes
ac_cv_c_inline=inline
ac_cv_env_CC_set=set
ac_cv_env_CC_value=/usr/bin/cc
ac_cv_env_CFLAGS_set=set
ac_cv_env_CFLAGS_value=
ac_cv_env_CPPFLAGS_set=
ac_cv_env_CPPFLAGS_value=
ac_cv_env_CPP_set=
ac_cv_env_CPP_value=
ac_cv_env_LDFLAGS_set=
ac_cv_env_LDFLAGS_value=
ac_cv_env_PKG_CONFIG_set=
ac_cv_env_PKG_CONFIG_value=
ac_cv_env_SVG_CFLAGS_set=
ac_cv_env_SVG_CFLAGS_value=
ac_cv_env_SVG_LIBS_set=
ac_cv_env_SVG_LIBS_value=
ac_cv_env_build_alias_set=
ac_cv_env_build_alias_value=
ac_cv_env_host_alias_set=
ac_cv_env_host_alias_value=
ac_cv_env_target_alias_set=
ac_cv_env_target_alias_value=
ac_cv_exeext=
ac_cv_func_connect=yes
ac_cv_func_gethostbyname=yes
ac_cv_func_remove=yes
ac_cv_func_shmat=yes
ac_cv_have_x='have_x=yes 		ac_x_includes= ac_x_libraries='
ac_cv_header_dirent_dirent_h=yes
ac_cv_header_errno_h=yes
ac_cv_header_ft2build_h=yes
ac_cv_header_inttypes_h=yes
ac_cv_header_malloc_h=yes
ac_cv_header_memory_h=yes
ac_cv_header_png_h=yes
ac_cv_header_stdarg_h=yes
ac_cv_header_stdc=yes
ac_cv_header_stddef_h=yes
ac_cv_header_stdint_h=yes
ac_cv_header_stdlib_h=yes
ac_cv_header_string_h=yes
ac_cv_header_strings_h=yes
ac_cv_header_sys_dirent_h=no
ac_cv_header_sys_stat_h=yes
ac_cv_header_sys_time_h=yes
ac_cv_header_sys_types_h=yes
ac_cv_header_sys_wait_h=yes
ac_cv_header_time=yes
ac_cv_header_unistd_h=yes
ac_cv_header_zlib_h=yes
ac_cv_host=x86_64-unknown-linux-gnu
ac_cv_host_alias=x86_64-unknown-linux-gnu
ac_cv_lib_ICE_IceConnectionNumber=no
ac_cv_lib_X11_XOpenDisplay=yes
ac_cv_lib_Xext_XShapeCombineMask=yes
ac_cv_objext=o
ac_cv_path_CP=/bin/cp
ac_cv_path_FIND=/usr/bin/find
ac_cv_path_LDCONFIG=/sbin/ldconfig
ac_cv_path_MKDIR=/bin/mkdir
ac_cv_path_MV=/bin/mv
ac_cv_path_PERL=/usr/bin/perl
ac_cv_path_RM=/bin/rm
ac_cv_path_XARGS=/usr/bin/xargs
ac_cv_path_install='/usr/bin/install -c'
ac_cv_prog_CPP='/usr/bin/cc -E'
ac_cv_prog_ac_ct_CC=/usr/bin/cc
ac_cv_prog_ac_ct_RANLIB=ranlib
ac_cv_prog_cc_g=yes
ac_cv_prog_cc_stdc=
ac_cv_prog_egrep='grep -E'
ac_cv_search_opendir='none required'
ac_cv_target=x86_64-unknown-linux-gnu
ac_cv_target_alias=x86_64-unknown-linux-gnu
ac_cv_type_long_long=yes
ac_cv_type_unsigned_char=yes
ac_cv_type_unsigned_short=yes

## ----------------- ##
## Output variables. ##
## ----------------- ##

AFTERBASE_C='afterbase.o'
AFTERBASE_INCS_PATH=''
AFTERIMAGE_APPS_LIBS='-L../ -lAfterImage -lfreetype -lX11    -lXext -lpng -lz -lm'
AFTERIMAGE_LIBS='-L/home/brandon/Projects/root-6.10.04/root/lib -lAfterImage  -lfreetype -lX11 -lXext -lpng -lz -lm'
AFTERIMAGE_LIBS_EXTERNAL='-lfreetype -lX11    -lXext -lpng -lz -lm'
AFTERIMAGE_LIB_LIBS='-L./ -lfreetype -lX11    -lXext -lpng -lz -lm'
AFTERIMAGE_TEST_LIBS='-L./ -lAfterImage -lfreetype -lX11    -lXext -lpng -lz -lm'
APPSDEPS=''
CC='/usr/bin/cc'
CFLAGS='-O3 -DNO_DEBUG_OUTPUT -fPIC'
CP='/bin/cp'
CPP='/usr/bin/cc -E'
CPPFLAGS=''
DEFINE_XLOCALE=''
DEFS='-DHAVE_CONFIG_H'
ECHO_C=''
ECHO_N='-n'
ECHO_T=''
EGREP='grep -E'
EXEEXT=''
FIND='/usr/bin/find'
GIF_CFLAGS=''
HAVE_AFTERBASE_FLAG='0'
INSTALL='/usr/bin/install -c'
INSTALL_DATA='${INSTALL} -m 644'
INSTALL_LIB=''
INSTALL_PROGRAM='${INSTALL}'
INSTALL_SCRIPT='${INSTALL}'
JPEG_CFLAGS=''
JPEG_OBJS='$(LIBJPEG_OBJS)'
LDCONFIG='/sbin/ldconfig'
LDFLAGS=''
LEX=''
LEXLIB=''
LIBINSTALL='install.static'
LIBOBJS=''
LIBPROG='$(LIB_STATIC)'
LIBS=''
LN_S='ln -s'
LTLIBOBJS=''
MKDIR='/bin/mkdir'
MMX_CFLAGS='-mmmx'
MV='/bin/mv'
OBJEXT='o'
PACKAGE_BUGREPORT='as-bugs@afterstep.org'
PACKAGE_NAME='libAfterImage'
PACKAGE_STRING='libAfterImage 1.20'
PACKAGE_TARNAME='libAfterImage.tar'
PACKAGE_VERSION='1.20'
PATH_SEPARATOR=':'
PERL='/usr/bin/perl'
PKG_CONFIG=''
PNG_CFLAGS='-I/usr/include'
PNG_OBJS=''
RANLIB='ranlib'
RM='/bin/rm'
SHELL='/bin/bash'
SVG_CFLAGS=''
SVG_LIBS=''
TIFF_CFLAGS=''
TTF_INCLUDES=' -I/usr/include/freetype2 -I/usr/include/libpng16'
UNGIF_OBJS='$(LIBUNGIF_OBJS)'
USE_DEFAULT_AFTERBASE='0'
XARGS='/usr/bin/xargs'
XPM_CFLAGS=''
X_CFLAGS=''
X_EXTRA_LIBS=''
X_LIBS=''
X_PRE_LIBS=''
YACC=''
ZLIB_OBJS=''
ac_ct_CC='/usr/bin/cc'
ac_ct_RANLIB='ranlib'
ac_pt_PKG_CONFIG=''
afterimage_x_support='yes'
bindir='${exec_prefix}/bin'
build='x86_64-unknown-linux-gnu'
build_alias=''
build_cpu='x86_64'
build_os='linux-gnu'
build_vendor='unknown'
datadir='${prefix}/share'
exec_prefix='/home/brandon/Projects/root-6.10.04/root'
have_afterbase=''
host='x86_64-unknown-linux-gnu'
host_alias=''
host_cpu='x86_64'
host_os='linux-gnu'
host_vendor='unknown'
image_format='png'
includedir='/home/brandon/Projects/root-6.10.04/root/include'
infodir='${prefix}/info'
lib_file_name='libAfterImage'
lib_name='LIBAFTERIMAGE'
libdir='/home/brandon/Projects/root-6.10.04/root/lib'
libexecdir='${exec_prefix}/libexec'
localstatedir='${prefix}/var'
mandir='/home/brandon/Projects/root-6.10.04/root/man'
oldincludedir='/usr/include'
prefix='/home/brandon/Projects/root-6.10.04/root'
program_transform_name='s,x,x,'
sbindir='${exec_prefix}/sbin'
sharedstatedir='${prefix}/com'
sysconfdir='${prefix}/etc'
target='x86_64-unknown-linux-gnu'
target_alias=''
target_cpu='x86_64'
target_os='linux-gnu'
target_vendor='unknown'
user_ldflags=''
version='1.20'
version_major='1'
with_locale=''
x_libs='-lX11    -lXext'

## ------------- ##
## Output files. ##
## ------------- ##

LIBAFTERIMAGEFILES='.shared'

## ----------- ##
## confdefs.h. ##
## ----------- ##

#define HAVE_BUILTIN_JPEG 1
#define HAVE_BUILTIN_UNGIF 1
#define HAVE_DIRENT_H 1
#define HAVE_ERRNO_H 1
#define HAVE_FREETYPE 1
#define HAVE_FREETYPE_FREETYPE 1
#define HAVE_FT2BUILD_H 1
#define HAVE_GIF 1
#define HAVE_INTTYPES_H 1
#define HAVE_JPEG 1
#define HAVE_LONG_LONG 1
#define HAVE_MALLOC_H 1
#define HAVE_MEMORY_H 1
#define HAVE_MMX 1
#define HAVE_PNG 1
#define HAVE_PROTOTYPES 1
#define HAVE_STDARG_H 1
#define HAVE_STDDEF_H 1
#define HAVE_STDINT_H 1
#define HAVE_STDLIB_H 1
#define HAVE_STDLIB_H 1
#define HAVE_STRINGS_H 1
#define HAVE_STRING_H 1
#define HAVE_SYS_STAT_H 1
#define HAVE_SYS_TIME_H 1
#define HAVE_SYS_TYPES_H 1
#define HAVE_SYS_WAIT_H 1
#define HAVE_UNISTD_H 1
#define HAVE_UNISTD_H 1
#define HAVE_XPM 1
#define HAVE_ZLIB_H 1
#define PACKAGE_BUGREPORT "as-bugs@afterstep.org"
#define PACKAGE_NAME "libAfterImage"
#define PACKAGE_STRING "libAfterImage 1.20"
#define PACKAGE_TARNAME "libAfterImage.tar"
#define PACKAGE_VERSION "1.20"
#define SHAPE 1
#define STDC_HEADERS 1
#define TIME_WITH_SYS_TIME 1

configure: exit 0
