This file contains any messages produced by compilers while
running configure, to aid debugging if configure makes a mistake.

It was created by unuran configure 1.8.0-root, which was
generated by GNU Autoconf 2.65.  Invocation command line was

  $ ./configure CC=/usr/bin/cc CFLAGS=-m64 -fPIC

## --------- ##
## Platform. ##
## --------- ##

hostname = ubuntu
uname -m = x86_64
uname -r = 4.18.0-15-generic
uname -s = Linux
uname -v = #16~18.04.1-Ubuntu SMP Thu Feb 7 14:06:04 UTC 2019

/usr/bin/uname -p = unknown
/bin/uname -X     = unknown

/bin/arch              = unknown
/usr/bin/arch -k       = unknown
/usr/convex/getsysinfo = unknown
/usr/bin/hostinfo      = unknown
/bin/machine           = unknown
/usr/bin/oslevel       = unknown
/bin/universe          = unknown

PATH: /usr/local/sbin
PATH: /usr/local/bin
PATH: /usr/sbin
PATH: /usr/bin
PATH: /sbin
PATH: /bin
PATH: /usr/games
PATH: /usr/local/games
PATH: /snap/bin


## ----------- ##
## Core tests. ##
## ----------- ##

configure:2481: checking for a BSD-compatible install
configure:2549: result: /usr/bin/install -c
configure:2560: checking whether build environment is sane
configure:2610: result: yes
configure:2751: checking for a thread-safe mkdir -p
configure:2790: result: /bin/mkdir -p
configure:2803: checking for gawk
configure:2833: result: no
configure:2803: checking for mawk
configure:2819: found /usr/bin/mawk
configure:2830: result: mawk
configure:2841: checking whether make sets $(MAKE)
configure:2863: result: yes
configure:2952: checking whether to enable maintainer-specific portions of Makefiles
configure:2961: result: no
configure:2979: checking build system type
configure:2993: result: x86_64-unknown-linux-gnu
configure:3013: checking host system type
configure:3026: result: x86_64-unknown-linux-gnu
configure:3047: checking whether make sets $(MAKE)
configure:3069: result: yes
configure:3126: checking for gcc
configure:3153: result: /usr/bin/cc
configure:3382: checking for C compiler version
configure:3391: /usr/bin/cc --version >&5
cc (Ubuntu 7.3.0-27ubuntu1~18.04) 7.3.0
Copyright (C) 2017 Free Software Foundation, Inc.
This is free software; see the source for copying conditions.  There is NO
warranty; not even for MERCHANTABILITY or FITNESS FOR A PARTICULAR PURPOSE.

configure:3402: $? = 0
configure:3391: /usr/bin/cc -v >&5
Using built-in specs.
COLLECT_GCC=/usr/bin/cc
COLLECT_LTO_WRAPPER=/usr/lib/gcc/x86_64-linux-gnu/7/lto-wrapper
OFFLOAD_TARGET_NAMES=nvptx-none
OFFLOAD_TARGET_DEFAULT=1
Target: x86_64-linux-gnu
Configured with: ../src/configure -v --with-pkgversion='Ubuntu 7.3.0-27ubuntu1~18.04' --with-bugurl=file:///usr/share/doc/gcc-7/README.Bugs --enable-languages=c,ada,c++,go,brig,d,fortran,objc,obj-c++ --prefix=/usr --with-gcc-major-version-only --program-suffix=-7 --program-prefix=x86_64-linux-gnu- --enable-shared --enable-linker-build-id --libexecdir=/usr/lib --without-included-gettext --enable-threads=posix --libdir=/usr/lib --enable-nls --with-sysroot=/ --enable-clocale=gnu --enable-libstdcxx-debug --enable-libstdcxx-time=yes --with-default-libstdcxx-abi=new --enable-gnu-unique-object --disable-vtable-verify --enable-libmpx --enable-plugin --enable-default-pie --with-system-zlib --with-target-system-zlib --enable-objc-gc=auto --enable-multiarch --disable-werror --with-arch-32=i686 --with-abi=m64 --with-multilib-list=m32,m64,mx32 --enable-multilib --with-tune=generic --enable-offload-targets=nvptx-none --without-cuda-driver --enable-checking=release --build=x86_64-linux-gnu --host=x86_64-linux-gnu --target=x86_64-linux-gnu
Thread model: posix
gcc version 7.3.0 (Ubuntu 7.3.0-27ubuntu1~18.04) 
configure:3402: $? = 0
configure:3391: /usr/bin/cc -V >&5
cc: error: unrecognized command line option '-V'
cc: fatal error: no input files
compilation terminated.
configure:3402: $? = 1
configure:3391: /usr/bin/cc -qversion >&5
cc: error: unrecognized command line option '-qversion'; did you mean '--version'?
cc: fatal error: no input files
compilation terminated.
configure:3402: $? = 1
configure:3422: checking whether the C compiler works
configure:3444: /usr/bin/cc -m64 -fPIC   conftest.c  >&5
configure:3448: $? = 0
configure:3497: result: yes
configure:3500: checking for C compiler default output file name
configure:3502: result: a.out
configure:3508: checking for suffix of executables
configure:3515: /usr/bin/cc -o conftest -m64 -fPIC   conftest.c  >&5
configure:3519: $? = 0
configure:3541: result: 
configure:3563: checking whether we are cross compiling
configure:3571: /usr/bin/cc -o conftest -m64 -fPIC   conftest.c  >&5
configure:3575: $? = 0
configure:3582: ./conftest
configure:3586: $? = 0
configure:3601: result: no
configure:3606: checking for suffix of object files
configure:3628: /usr/bin/cc -c -m64 -fPIC  conftest.c >&5
configure:3632: $? = 0
configure:3653: result: o
configure:3657: checking whether we are using the GNU C compiler
configure:3676: /usr/bin/cc -c -m64 -fPIC  conftest.c >&5
configure:3676: $? = 0
configure:3685: result: yes
configure:3694: checking whether /usr/bin/cc accepts -g
configure:3714: /usr/bin/cc -c -g  conftest.c >&5
configure:3714: $? = 0
configure:3755: result: yes
configure:3772: checking for /usr/bin/cc option to accept ISO C89
configure:3836: /usr/bin/cc  -c -m64 -fPIC  conftest.c >&5
configure:3836: $? = 0
configure:3849: result: none needed
configure:3880: checking for style of include used by make
configure:3908: result: GNU
configure:3933: checking dependency style of /usr/bin/cc
configure:4043: result: gcc3
configure:4116: checking for g++
configure:4132: found /usr/bin/g++
configure:4143: result: g++
configure:4170: checking for C++ compiler version
configure:4179: g++ --version >&5
g++ (Ubuntu 7.3.0-27ubuntu1~18.04) 7.3.0
Copyright (C) 2017 Free Software Foundation, Inc.
This is free software; see the source for copying conditions.  There is NO
warranty; not even for MERCHANTABILITY or FITNESS FOR A PARTICULAR PURPOSE.

configure:4190: $? = 0
configure:4179: g++ -v >&5
Using built-in specs.
COLLECT_GCC=g++
COLLECT_LTO_WRAPPER=/usr/lib/gcc/x86_64-linux-gnu/7/lto-wrapper
OFFLOAD_TARGET_NAMES=nvptx-none
OFFLOAD_TARGET_DEFAULT=1
Target: x86_64-linux-gnu
Configured with: ../src/configure -v --with-pkgversion='Ubuntu 7.3.0-27ubuntu1~18.04' --with-bugurl=file:///usr/share/doc/gcc-7/README.Bugs --enable-languages=c,ada,c++,go,brig,d,fortran,objc,obj-c++ --prefix=/usr --with-gcc-major-version-only --program-suffix=-7 --program-prefix=x86_64-linux-gnu- --enable-shared --enable-linker-build-id --libexecdir=/usr/lib --without-included-gettext --enable-threads=posix --libdir=/usr/lib --enable-nls --with-sysroot=/ --enable-clocale=gnu --enable-libstdcxx-debug --enable-libstdcxx-time=yes --with-default-libstdcxx-abi=new --enable-gnu-unique-object --disable-vtable-verify --enable-libmpx --enable-plugin --enable-default-pie --with-system-zlib --with-target-system-zlib --enable-objc-gc=auto --enable-multiarch --disable-werror --with-arch-32=i686 --with-abi=m64 --with-multilib-list=m32,m64,mx32 --enable-multilib --with-tune=generic --enable-offload-targets=nvptx-none --without-cuda-driver --enable-checking=release --build=x86_64-linux-gnu --host=x86_64-linux-gnu --target=x86_64-linux-gnu
Thread model: posix
gcc version 7.3.0 (Ubuntu 7.3.0-27ubuntu1~18.04) 
configure:4190: $? = 0
configure:4179: g++ -V >&5
g++: error: unrecognized command line option '-V'
g++: fatal error: no input files
compilation terminated.
configure:4190: $? = 1
configure:4179: g++ -qversion >&5
g++: error: unrecognized command line option '-qversion'; did you mean '--version'?
g++: fatal error: no input files
compilation terminated.
configure:4190: $? = 1
configure:4194: checking whether we are using the GNU C++ compiler
configure:4213: g++ -c   conftest.cpp >&5
configure:4213: $? = 0
configure:4222: result: yes
configure:4231: checking whether g++ accepts -g
configure:4251: g++ -c -g  conftest.cpp >&5
configure:4251: $? = 0
configure:4292: result: yes
configure:4317: checking dependency style of g++
configure:4427: result: gcc3
configure:4447: checking how to run the C preprocessor
configure:4478: /usr/bin/cc -E  conftest.c
configure:4478: $? = 0
configure:4492: /usr/bin/cc -E  conftest.c
conftest.c:11:10: fatal error: ac_nonexistent.h: No such file or directory
 #include <ac_nonexistent.h>
          ^~~~~~~~~~~~~~~~~~
compilation terminated.
configure:4492: $? = 1
configure: failed program was:
| /* confdefs.h */
| #define PACKAGE_NAME "unuran"
| #define PACKAGE_TARNAME "unuran"
| #define PACKAGE_VERSION "1.8.0-root"
| #define PACKAGE_STRING "unuran 1.8.0-root"
| #define PACKAGE_BUGREPORT "unuran@statmath.wu.ac.at"
| #define PACKAGE_URL ""
| #define PACKAGE "unuran"
| #define VERSION "1.8.0-root"
| /* end confdefs.h.  */
| #include <ac_nonexistent.h>
configure:4517: result: /usr/bin/cc -E
configure:4537: /usr/bin/cc -E  conftest.c
configure:4537: $? = 0
configure:4551: /usr/bin/cc -E  conftest.c
conftest.c:11:10: fatal error: ac_nonexistent.h: No such file or directory
 #include <ac_nonexistent.h>
          ^~~~~~~~~~~~~~~~~~
compilation terminated.
configure:4551: $? = 1
configure: failed program was:
| /* confdefs.h */
| #define PACKAGE_NAME "unuran"
| #define PACKAGE_TARNAME "unuran"
| #define PACKAGE_VERSION "1.8.0-root"
| #define PACKAGE_STRING "unuran 1.8.0-root"
| #define PACKAGE_BUGREPORT "unuran@statmath.wu.ac.at"
| #define PACKAGE_URL ""
| #define PACKAGE "unuran"
| #define VERSION "1.8.0-root"
| /* end confdefs.h.  */
| #include <ac_nonexistent.h>
configure:4580: checking whether ln -s works
configure:4584: result: yes
configure:4634: checking for ar
configure:4650: found /usr/bin/ar
configure:4661: result: ar
configure:4729: checking how to print strings
configure:4756: result: printf
configure:4777: checking for a sed that does not truncate output
configure:4841: result: /bin/sed
configure:4859: checking for grep that handles long lines and -e
configure:4917: result: /bin/grep
configure:4922: checking for egrep
configure:4984: result: /bin/grep -E
configure:4989: checking for fgrep
configure:5051: result: /bin/grep -F
configure:5086: checking for ld used by /usr/bin/cc
configure:5153: result: /usr/bin/ld
configure:5160: checking if the linker (/usr/bin/ld) is GNU ld
configure:5175: result: yes
configure:5187: checking for BSD- or MS-compatible name lister (nm)
configure:5236: result: /usr/bin/nm -B
configure:5366: checking the name lister (/usr/bin/nm -B) interface
configure:5373: /usr/bin/cc -c -m64 -fPIC  conftest.c >&5
configure:5376: /usr/bin/nm -B "conftest.o"
configure:5379: output
0000000000000000 B some_variable
configure:5386: result: BSD nm
configure:5390: checking the maximum length of command line arguments
configure:5515: result: 1572864
configure:5532: checking whether the shell understands some XSI constructs
configure:5542: result: yes
configure:5546: checking whether the shell understands "+="
configure:5552: result: yes
configure:5587: checking for /usr/bin/ld option to reload object files
configure:5594: result: -r
configure:5663: checking for objdump
configure:5679: found /usr/bin/objdump
configure:5690: result: objdump
configure:5722: checking how to recognize dependent libraries
configure:5924: result: pass_all
configure:5984: checking for ar
configure:6011: result: ar
configure:6089: checking for strip
configure:6105: found /usr/bin/strip
configure:6116: result: strip
configure:6188: checking for ranlib
configure:6204: found /usr/bin/ranlib
configure:6215: result: ranlib
configure:6317: checking command to parse /usr/bin/nm -B output from /usr/bin/cc object
configure:6435: /usr/bin/cc -c -m64 -fPIC  conftest.c >&5
configure:6438: $? = 0
configure:6442: /usr/bin/nm -B conftest.o \| sed -n -e 's/^.*[ ]\([ABCDGIRSTW][ABCDGIRSTW]*\)[ ][ ]*\([_A-Za-z][_A-Za-z0-9]*\)$/\1 \2 \2/p' \> conftest.nm
configure:6445: $? = 0
configure:6499: /usr/bin/cc -o conftest -m64 -fPIC   conftest.c conftstm.o >&5
configure:6502: $? = 0
configure:6540: result: ok
configure:6636: /usr/bin/cc -c -m64 -fPIC  conftest.c >&5
configure:6639: $? = 0
configure:7377: checking for ANSI C header files
configure:7397: /usr/bin/cc -c -m64 -fPIC  conftest.c >&5
configure:7397: $? = 0
configure:7470: /usr/bin/cc -o conftest -m64 -fPIC   conftest.c  >&5
configure:7470: $? = 0
configure:7470: ./conftest
configure:7470: $? = 0
configure:7481: result: yes
configure:7494: checking for sys/types.h
configure:7494: /usr/bin/cc -c -m64 -fPIC  conftest.c >&5
configure:7494: $? = 0
configure:7494: result: yes
configure:7494: checking for sys/stat.h
configure:7494: /usr/bin/cc -c -m64 -fPIC  conftest.c >&5
configure:7494: $? = 0
configure:7494: result: yes
configure:7494: checking for stdlib.h
configure:7494: /usr/bin/cc -c -m64 -fPIC  conftest.c >&5
configure:7494: $? = 0
configure:7494: result: yes
configure:7494: checking for string.h
configure:7494: /usr/bin/cc -c -m64 -fPIC  conftest.c >&5
configure:7494: $? = 0
configure:7494: result: yes
configure:7494: checking for memory.h
configure:7494: /usr/bin/cc -c -m64 -fPIC  conftest.c >&5
configure:7494: $? = 0
configure:7494: result: yes
configure:7494: checking for strings.h
configure:7494: /usr/bin/cc -c -m64 -fPIC  conftest.c >&5
configure:7494: $? = 0
configure:7494: result: yes
configure:7494: checking for inttypes.h
configure:7494: /usr/bin/cc -c -m64 -fPIC  conftest.c >&5
configure:7494: $? = 0
configure:7494: result: yes
configure:7494: checking for stdint.h
configure:7494: /usr/bin/cc -c -m64 -fPIC  conftest.c >&5
configure:7494: $? = 0
configure:7494: result: yes
configure:7494: checking for unistd.h
configure:7494: /usr/bin/cc -c -m64 -fPIC  conftest.c >&5
configure:7494: $? = 0
configure:7494: result: yes
configure:7509: checking for dlfcn.h
configure:7509: /usr/bin/cc -c -m64 -fPIC  conftest.c >&5
configure:7509: $? = 0
configure:7509: result: yes
configure:7696: checking for objdir
configure:7711: result: .libs
configure:7978: checking if /usr/bin/cc supports -fno-rtti -fno-exceptions
configure:7996: /usr/bin/cc -c -m64 -fPIC  -fno-rtti -fno-exceptions conftest.c >&5
cc1: warning: command line option '-fno-rtti' is valid for C++/ObjC++ but not for C
configure:8000: $? = 0
configure:8013: result: no
configure:8033: checking for /usr/bin/cc option to produce PIC
configure:8318: result: -fPIC -DPIC
configure:8330: checking if /usr/bin/cc PIC flag -fPIC -DPIC works
configure:8348: /usr/bin/cc -c -m64 -fPIC  -fPIC -DPIC -DPIC conftest.c >&5
configure:8352: $? = 0
configure:8365: result: yes
configure:8389: checking if /usr/bin/cc static flag -static works
configure:8417: result: yes
configure:8432: checking if /usr/bin/cc supports -c -o file.o
configure:8453: /usr/bin/cc -c -m64 -fPIC  -o out/conftest2.o conftest.c >&5
configure:8457: $? = 0
configure:8479: result: yes
configure:8487: checking if /usr/bin/cc supports -c -o file.o
configure:8534: result: yes
configure:8567: checking whether the /usr/bin/cc linker (/usr/bin/ld -m elf_x86_64) supports shared libraries
configure:9642: result: yes
configure:9887: checking dynamic linker characteristics
configure:10355: /usr/bin/cc -o conftest -m64 -fPIC   -Wl,-rpath -Wl,/foo conftest.c  >&5
configure:10355: $? = 0
configure:10577: result: GNU/Linux ld.so
configure:10684: checking how to hardcode library paths into programs
configure:10709: result: immediate
configure:11249: checking whether stripping libraries is possible
configure:11254: result: yes
configure:11289: checking if libtool supports shared libraries
configure:11291: result: yes
configure:11294: checking whether to build shared libraries
configure:11315: result: no
configure:11318: checking whether to build static libraries
configure:11322: result: yes
configure:11345: checking how to run the C++ preprocessor
configure:11372: g++ -E  conftest.cpp
configure:11372: $? = 0
configure:11386: g++ -E  conftest.cpp
conftest.cpp:23:10: fatal error: ac_nonexistent.h: No such file or directory
 #include <ac_nonexistent.h>
          ^~~~~~~~~~~~~~~~~~
compilation terminated.
configure:11386: $? = 1
configure: failed program was:
| /* confdefs.h */
| #define PACKAGE_NAME "unuran"
| #define PACKAGE_TARNAME "unuran"
| #define PACKAGE_VERSION "1.8.0-root"
| #define PACKAGE_STRING "unuran 1.8.0-root"
| #define PACKAGE_BUGREPORT "unuran@statmath.wu.ac.at"
| #define PACKAGE_URL ""
| #define PACKAGE "unuran"
| #define VERSION "1.8.0-root"
| #define STDC_HEADERS 1
| #define HAVE_SYS_TYPES_H 1
| #define HAVE_SYS_STAT_H 1
| #define HAVE_STDLIB_H 1
| #define HAVE_STRING_H 1
| #define HAVE_MEMORY_H 1
| #define HAVE_STRINGS_H 1
| #define HAVE_INTTYPES_H 1
| #define HAVE_STDINT_H 1
| #define HAVE_UNISTD_H 1
| #define HAVE_DLFCN_H 1
| #define LT_OBJDIR ".libs/"
| /* end confdefs.h.  */
| #include <ac_nonexistent.h>
configure:11411: result: g++ -E
configure:11431: g++ -E  conftest.cpp
configure:11431: $? = 0
configure:11445: g++ -E  conftest.cpp
conftest.cpp:23:10: fatal error: ac_nonexistent.h: No such file or directory
 #include <ac_nonexistent.h>
          ^~~~~~~~~~~~~~~~~~
compilation terminated.
configure:11445: $? = 1
configure: failed program was:
| /* confdefs.h */
| #define PACKAGE_NAME "unuran"
| #define PACKAGE_TARNAME "unuran"
| #define PACKAGE_VERSION "1.8.0-root"
| #define PACKAGE_STRING "unuran 1.8.0-root"
| #define PACKAGE_BUGREPORT "unuran@statmath.wu.ac.at"
| #define PACKAGE_URL ""
| #define PACKAGE "unuran"
| #define VERSION "1.8.0-root"
| #define STDC_HEADERS 1
| #define HAVE_SYS_TYPES_H 1
| #define HAVE_SYS_STAT_H 1
| #define HAVE_STDLIB_H 1
| #define HAVE_STRING_H 1
| #define HAVE_MEMORY_H 1
| #define HAVE_STRINGS_H 1
| #define HAVE_INTTYPES_H 1
| #define HAVE_STDINT_H 1
| #define HAVE_UNISTD_H 1
| #define HAVE_DLFCN_H 1
| #define LT_OBJDIR ".libs/"
| /* end confdefs.h.  */
| #include <ac_nonexistent.h>
configure:11613: checking for ld used by g++
configure:11680: result: /usr/bin/ld -m elf_x86_64
configure:11687: checking if the linker (/usr/bin/ld -m elf_x86_64) is GNU ld
configure:11702: result: yes
configure:11757: checking whether the g++ linker (/usr/bin/ld -m elf_x86_64) supports shared libraries
configure:12689: result: yes
configure:12717: g++ -c -g -O2  conftest.cpp >&5
configure:12720: $? = 0
configure:12902: checking for g++ option to produce PIC
configure:13224: result: -fPIC -DPIC
configure:13233: checking if g++ PIC flag -fPIC -DPIC works
configure:13251: g++ -c -g -O2  -fPIC -DPIC -DPIC conftest.cpp >&5
configure:13255: $? = 0
configure:13268: result: yes
configure:13289: checking if g++ static flag -static works
configure:13317: result: yes
configure:13329: checking if g++ supports -c -o file.o
configure:13350: g++ -c -g -O2  -o out/conftest2.o conftest.cpp >&5
configure:13354: $? = 0
configure:13376: result: yes
configure:13381: checking if g++ supports -c -o file.o
configure:13428: result: yes
configure:13458: checking whether the g++ linker (/usr/bin/ld -m elf_x86_64) supports shared libraries
configure:13486: result: yes
configure:13629: checking dynamic linker characteristics
configure:14253: result: GNU/Linux ld.so
configure:14306: checking how to hardcode library paths into programs
configure:14331: result: immediate
configure:14390: checking for sqrt in -lm
configure:14415: /usr/bin/cc -o conftest -m64 -fPIC   conftest.c -lm   >&5
conftest.c:30:6: warning: conflicting types for built-in function 'sqrt' [-Wbuiltin-declaration-mismatch]
 char sqrt ();
      ^~~~
configure:14415: $? = 0
configure:14424: result: yes
configure:14436: checking for gsl_integration_qagiu in -lgsl
configure:14461: /usr/bin/cc -o conftest -m64 -fPIC   conftest.c -lgsl  -lm  >&5
/usr/lib/gcc/x86_64-linux-gnu/7/../../../x86_64-linux-gnu/libgsl.so: undefined reference to `cblas_ctrmv'
/usr/lib/gcc/x86_64-linux-gnu/7/../../../x86_64-linux-gnu/libgsl.so: undefined reference to `cblas_zswap'
/usr/lib/gcc/x86_64-linux-gnu/7/../../../x86_64-linux-gnu/libgsl.so: undefined reference to `cblas_zsymm'
/usr/lib/gcc/x86_64-linux-gnu/7/../../../x86_64-linux-gnu/libgsl.so: undefined reference to `cblas_cgeru'
/usr/lib/gcc/x86_64-linux-gnu/7/../../../x86_64-linux-gnu/libgsl.so: undefined reference to `cblas_sgemm'
/usr/lib/gcc/x86_64-linux-gnu/7/../../../x86_64-linux-gnu/libgsl.so: undefined reference to `cblas_ctrsv'
/usr/lib/gcc/x86_64-linux-gnu/7/../../../x86_64-linux-gnu/libgsl.so: undefined reference to `cblas_sgemv'
/usr/lib/gcc/x86_64-linux-gnu/7/../../../x86_64-linux-gnu/libgsl.so: undefined reference to `cblas_srotg'
/usr/lib/gcc/x86_64-linux-gnu/7/../../../x86_64-linux-gnu/libgsl.so: undefined reference to `cblas_zgemm'
/usr/lib/gcc/x86_64-linux-gnu/7/../../../x86_64-linux-gnu/libgsl.so: undefined reference to `cblas_cdotu_sub'
/usr/lib/gcc/x86_64-linux-gnu/7/../../../x86_64-linux-gnu/libgsl.so: undefined reference to `cblas_dznrm2'
/usr/lib/gcc/x86_64-linux-gnu/7/../../../x86_64-linux-gnu/libgsl.so: undefined reference to `cblas_ddot'
/usr/lib/gcc/x86_64-linux-gnu/7/../../../x86_64-linux-gnu/libgsl.so: undefined reference to `cblas_csymm'
/usr/lib/gcc/x86_64-linux-gnu/7/../../../x86_64-linux-gnu/libgsl.so: undefined reference to `cblas_cher2k'
/usr/lib/gcc/x86_64-linux-gnu/7/../../../x86_64-linux-gnu/libgsl.so: undefined reference to `cblas_zdotu_sub'
/usr/lib/gcc/x86_64-linux-gnu/7/../../../x86_64-linux-gnu/libgsl.so: undefined reference to `cblas_sdot'
/usr/lib/gcc/x86_64-linux-gnu/7/../../../x86_64-linux-gnu/libgsl.so: undefined reference to `cblas_sdsdot'
/usr/lib/gcc/x86_64-linux-gnu/7/../../../x86_64-linux-gnu/libgsl.so: undefined reference to `cblas_cgerc'
/usr/lib/gcc/x86_64-linux-gnu/7/../../../x86_64-linux-gnu/libgsl.so: undefined reference to `cblas_scnrm2'
/usr/lib/gcc/x86_64-linux-gnu/7/../../../x86_64-linux-gnu/libgsl.so: undefined reference to `cblas_ctrmm'
/usr/lib/gcc/x86_64-linux-gnu/7/../../../x86_64-linux-gnu/libgsl.so: undefined reference to `cblas_sscal'
/usr/lib/gcc/x86_64-linux-gnu/7/../../../x86_64-linux-gnu/libgsl.so: undefined reference to `cblas_strmm'
/usr/lib/gcc/x86_64-linux-gnu/7/../../../x86_64-linux-gnu/libgsl.so: undefined reference to `cblas_zcopy'
/usr/lib/gcc/x86_64-linux-gnu/7/../../../x86_64-linux-gnu/libgsl.so: undefined reference to `cblas_dsyrk'
/usr/lib/gcc/x86_64-linux-gnu/7/../../../x86_64-linux-gnu/libgsl.so: undefined reference to `cblas_cherk'
/usr/lib/gcc/x86_64-linux-gnu/7/../../../x86_64-linux-gnu/libgsl.so: undefined reference to `cblas_zherk'
/usr/lib/gcc/x86_64-linux-gnu/7/../../../x86_64-linux-gnu/libgsl.so: undefined reference to `cblas_zher'
/usr/lib/gcc/x86_64-linux-gnu/7/../../../x86_64-linux-gnu/libgsl.so: undefined reference to `cblas_ztrmv'
/usr/lib/gcc/x86_64-linux-gnu/7/../../../x86_64-linux-gnu/libgsl.so: undefined reference to `cblas_drotmg'
/usr/lib/gcc/x86_64-linux-gnu/7/../../../x86_64-linux-gnu/libgsl.so: undefined reference to `cblas_dswap'
/usr/lib/gcc/x86_64-linux-gnu/7/../../../x86_64-linux-gnu/libgsl.so: undefined reference to `cblas_scopy'
/usr/lib/gcc/x86_64-linux-gnu/7/../../../x86_64-linux-gnu/libgsl.so: undefined reference to `cblas_scasum'
/usr/lib/gcc/x86_64-linux-gnu/7/../../../x86_64-linux-gnu/libgsl.so: undefined reference to `cblas_zscal'
/usr/lib/gcc/x86_64-linux-gnu/7/../../../x86_64-linux-gnu/libgsl.so: undefined reference to `cblas_drotg'
/usr/lib/gcc/x86_64-linux-gnu/7/../../../x86_64-linux-gnu/libgsl.so: undefined reference to `cblas_zdotc_sub'
/usr/lib/gcc/x86_64-linux-gnu/7/../../../x86_64-linux-gnu/libgsl.so: undefined reference to `cblas_cscal'
/usr/lib/gcc/x86_64-linux-gnu/7/../../../x86_64-linux-gnu/libgsl.so: undefined reference to `cblas_caxpy'
/usr/lib/gcc/x86_64-linux-gnu/7/../../../x86_64-linux-gnu/libgsl.so: undefined reference to `cblas_zsyr2k'
/usr/lib/gcc/x86_64-linux-gnu/7/../../../x86_64-linux-gnu/libgsl.so: undefined reference to `cblas_ssyr2k'
/usr/lib/gcc/x86_64-linux-gnu/7/../../../x86_64-linux-gnu/libgsl.so: undefined reference to `cblas_csyr2k'
/usr/lib/gcc/x86_64-linux-gnu/7/../../../x86_64-linux-gnu/libgsl.so: undefined reference to `cblas_ztrsm'
/usr/lib/gcc/x86_64-linux-gnu/7/../../../x86_64-linux-gnu/libgsl.so: undefined reference to `cblas_ctrsm'
/usr/lib/gcc/x86_64-linux-gnu/7/../../../x86_64-linux-gnu/libgsl.so: undefined reference to `cblas_ssymm'
/usr/lib/gcc/x86_64-linux-gnu/7/../../../x86_64-linux-gnu/libgsl.so: undefined reference to `cblas_cdotc_sub'
/usr/lib/gcc/x86_64-linux-gnu/7/../../../x86_64-linux-gnu/libgsl.so: undefined reference to `cblas_zher2k'
/usr/lib/gcc/x86_64-linux-gnu/7/../../../x86_64-linux-gnu/libgsl.so: undefined reference to `cblas_saxpy'
/usr/lib/gcc/x86_64-linux-gnu/7/../../../x86_64-linux-gnu/libgsl.so: undefined reference to `cblas_idamax'
/usr/lib/gcc/x86_64-linux-gnu/7/../../../x86_64-linux-gnu/libgsl.so: undefined reference to `cblas_snrm2'
/usr/lib/gcc/x86_64-linux-gnu/7/../../../x86_64-linux-gnu/libgsl.so: undefined reference to `cblas_dsdot'
/usr/lib/gcc/x86_64-linux-gnu/7/../../../x86_64-linux-gnu/libgsl.so: undefined reference to `cblas_cher'
/usr/lib/gcc/x86_64-linux-gnu/7/../../../x86_64-linux-gnu/libgsl.so: undefined reference to `cblas_dger'
/usr/lib/gcc/x86_64-linux-gnu/7/../../../x86_64-linux-gnu/libgsl.so: undefined reference to `cblas_cher2'
/usr/lib/gcc/x86_64-linux-gnu/7/../../../x86_64-linux-gnu/libgsl.so: undefined reference to `cblas_dzasum'
/usr/lib/gcc/x86_64-linux-gnu/7/../../../x86_64-linux-gnu/libgsl.so: undefined reference to `cblas_dsyr2'
/usr/lib/gcc/x86_64-linux-gnu/7/../../../x86_64-linux-gnu/libgsl.so: undefined reference to `cblas_ssyrk'
/usr/lib/gcc/x86_64-linux-gnu/7/../../../x86_64-linux-gnu/libgsl.so: undefined reference to `cblas_strmv'
/usr/lib/gcc/x86_64-linux-gnu/7/../../../x86_64-linux-gnu/libgsl.so: undefined reference to `cblas_dgemv'
/usr/lib/gcc/x86_64-linux-gnu/7/../../../x86_64-linux-gnu/libgsl.so: undefined reference to `cblas_cgemm'
/usr/lib/gcc/x86_64-linux-gnu/7/../../../x86_64-linux-gnu/libgsl.so: undefined reference to `cblas_dasum'
/usr/lib/gcc/x86_64-linux-gnu/7/../../../x86_64-linux-gnu/libgsl.so: undefined reference to `cblas_dsymv'
/usr/lib/gcc/x86_64-linux-gnu/7/../../../x86_64-linux-gnu/libgsl.so: undefined reference to `cblas_srotm'
/usr/lib/gcc/x86_64-linux-gnu/7/../../../x86_64-linux-gnu/libgsl.so: undefined reference to `cblas_sswap'
/usr/lib/gcc/x86_64-linux-gnu/7/../../../x86_64-linux-gnu/libgsl.so: undefined reference to `cblas_dtrmv'
/usr/lib/gcc/x86_64-linux-gnu/7/../../../x86_64-linux-gnu/libgsl.so: undefined reference to `cblas_isamax'
/usr/lib/gcc/x86_64-linux-gnu/7/../../../x86_64-linux-gnu/libgsl.so: undefined reference to `cblas_zhemv'
/usr/lib/gcc/x86_64-linux-gnu/7/../../../x86_64-linux-gnu/libgsl.so: undefined reference to `cblas_zaxpy'
/usr/lib/gcc/x86_64-linux-gnu/7/../../../x86_64-linux-gnu/libgsl.so: undefined reference to `cblas_dcopy'
/usr/lib/gcc/x86_64-linux-gnu/7/../../../x86_64-linux-gnu/libgsl.so: undefined reference to `cblas_sasum'
/usr/lib/gcc/x86_64-linux-gnu/7/../../../x86_64-linux-gnu/libgsl.so: undefined reference to `cblas_dsyr'
/usr/lib/gcc/x86_64-linux-gnu/7/../../../x86_64-linux-gnu/libgsl.so: undefined reference to `cblas_strsm'
/usr/lib/gcc/x86_64-linux-gnu/7/../../../x86_64-linux-gnu/libgsl.so: undefined reference to `cblas_drot'
/usr/lib/gcc/x86_64-linux-gnu/7/../../../x86_64-linux-gnu/libgsl.so: undefined reference to `cblas_ztrsv'
/usr/lib/gcc/x86_64-linux-gnu/7/../../../x86_64-linux-gnu/libgsl.so: undefined reference to `cblas_izamax'
/usr/lib/gcc/x86_64-linux-gnu/7/../../../x86_64-linux-gnu/libgsl.so: undefined reference to `cblas_ssymv'
/usr/lib/gcc/x86_64-linux-gnu/7/../../../x86_64-linux-gnu/libgsl.so: undefined reference to `cblas_chemm'
/usr/lib/gcc/x86_64-linux-gnu/7/../../../x86_64-linux-gnu/libgsl.so: undefined reference to `cblas_zgeru'
/usr/lib/gcc/x86_64-linux-gnu/7/../../../x86_64-linux-gnu/libgsl.so: undefined reference to `cblas_dtrsv'
/usr/lib/gcc/x86_64-linux-gnu/7/../../../x86_64-linux-gnu/libgsl.so: undefined reference to `cblas_sger'
/usr/lib/gcc/x86_64-linux-gnu/7/../../../x86_64-linux-gnu/libgsl.so: undefined reference to `cblas_srot'
/usr/lib/gcc/x86_64-linux-gnu/7/../../../x86_64-linux-gnu/libgsl.so: undefined reference to `cblas_dsymm'
/usr/lib/gcc/x86_64-linux-gnu/7/../../../x86_64-linux-gnu/libgsl.so: undefined reference to `cblas_ztrmm'
/usr/lib/gcc/x86_64-linux-gnu/7/../../../x86_64-linux-gnu/libgsl.so: undefined reference to `cblas_zdscal'
/usr/lib/gcc/x86_64-linux-gnu/7/../../../x86_64-linux-gnu/libgsl.so: undefined reference to `cblas_zher2'
/usr/lib/gcc/x86_64-linux-gnu/7/../../../x86_64-linux-gnu/libgsl.so: undefined reference to `cblas_ssyr'
/usr/lib/gcc/x86_64-linux-gnu/7/../../../x86_64-linux-gnu/libgsl.so: undefined reference to `cblas_dtrmm'
/usr/lib/gcc/x86_64-linux-gnu/7/../../../x86_64-linux-gnu/libgsl.so: undefined reference to `cblas_zgerc'
/usr/lib/gcc/x86_64-linux-gnu/7/../../../x86_64-linux-gnu/libgsl.so: undefined reference to `cblas_csscal'
/usr/lib/gcc/x86_64-linux-gnu/7/../../../x86_64-linux-gnu/libgsl.so: undefined reference to `cblas_dsyr2k'
/usr/lib/gcc/x86_64-linux-gnu/7/../../../x86_64-linux-gnu/libgsl.so: undefined reference to `cblas_chemv'
/usr/lib/gcc/x86_64-linux-gnu/7/../../../x86_64-linux-gnu/libgsl.so: undefined reference to `cblas_dnrm2'
/usr/lib/gcc/x86_64-linux-gnu/7/../../../x86_64-linux-gnu/libgsl.so: undefined reference to `cblas_drotm'
/usr/lib/gcc/x86_64-linux-gnu/7/../../../x86_64-linux-gnu/libgsl.so: undefined reference to `cblas_icamax'
/usr/lib/gcc/x86_64-linux-gnu/7/../../../x86_64-linux-gnu/libgsl.so: undefined reference to `cblas_zgemv'
/usr/lib/gcc/x86_64-linux-gnu/7/../../../x86_64-linux-gnu/libgsl.so: undefined reference to `cblas_zhemm'
/usr/lib/gcc/x86_64-linux-gnu/7/../../../x86_64-linux-gnu/libgsl.so: undefined reference to `cblas_cgemv'
/usr/lib/gcc/x86_64-linux-gnu/7/../../../x86_64-linux-gnu/libgsl.so: undefined reference to `cblas_ssyr2'
/usr/lib/gcc/x86_64-linux-gnu/7/../../../x86_64-linux-gnu/libgsl.so: undefined reference to `cblas_strsv'
/usr/lib/gcc/x86_64-linux-gnu/7/../../../x86_64-linux-gnu/libgsl.so: undefined reference to `cblas_dscal'
/usr/lib/gcc/x86_64-linux-gnu/7/../../../x86_64-linux-gnu/libgsl.so: undefined reference to `cblas_dgemm'
/usr/lib/gcc/x86_64-linux-gnu/7/../../../x86_64-linux-gnu/libgsl.so: undefined reference to `cblas_srotmg'
/usr/lib/gcc/x86_64-linux-gnu/7/../../../x86_64-linux-gnu/libgsl.so: undefined reference to `cblas_dtrsm'
/usr/lib/gcc/x86_64-linux-gnu/7/../../../x86_64-linux-gnu/libgsl.so: undefined reference to `cblas_ccopy'
/usr/lib/gcc/x86_64-linux-gnu/7/../../../x86_64-linux-gnu/libgsl.so: undefined reference to `cblas_zsyrk'
/usr/lib/gcc/x86_64-linux-gnu/7/../../../x86_64-linux-gnu/libgsl.so: undefined reference to `cblas_cswap'
/usr/lib/gcc/x86_64-linux-gnu/7/../../../x86_64-linux-gnu/libgsl.so: undefined reference to `cblas_daxpy'
/usr/lib/gcc/x86_64-linux-gnu/7/../../../x86_64-linux-gnu/libgsl.so: undefined reference to `cblas_csyrk'
collect2: error: ld returned 1 exit status
configure:14461: $? = 1
configure: failed program was:
| /* confdefs.h */
| #define PACKAGE_NAME "unuran"
| #define PACKAGE_TARNAME "unuran"
| #define PACKAGE_VERSION "1.8.0-root"
| #define PACKAGE_STRING "unuran 1.8.0-root"
| #define PACKAGE_BUGREPORT "unuran@statmath.wu.ac.at"
| #define PACKAGE_URL ""
| #define PACKAGE "unuran"
| #define VERSION "1.8.0-root"
| #define STDC_HEADERS 1
| #define HAVE_SYS_TYPES_H 1
| #define HAVE_SYS_STAT_H 1
| #define HAVE_STDLIB_H 1
| #define HAVE_STRING_H 1
| #define HAVE_MEMORY_H 1
| #define HAVE_STRINGS_H 1
| #define HAVE_INTTYPES_H 1
| #define HAVE_STDINT_H 1
| #define HAVE_UNISTD_H 1
| #define HAVE_DLFCN_H 1
| #define LT_OBJDIR ".libs/"
| #define HAVE_LIBM 1
| /* end confdefs.h.  */
| 
| /* Override any GCC internal prototype to avoid an error.
|    Use char because int might match the return type of a GCC
|    builtin and then its argument prototype would still apply.  */
| #ifdef __cplusplus
| extern "C"
| #endif
| char gsl_integration_qagiu ();
| int
| main ()
| {
| return gsl_integration_qagiu ();
|   ;
|   return 0;
| }
configure:14470: result: no
configure:14856: checking for ANSI C header files
configure:14960: result: yes
configure:14971: checking float.h usability
configure:14971: /usr/bin/cc -c -m64 -fPIC  conftest.c >&5
configure:14971: $? = 0
configure:14971: result: yes
configure:14971: checking float.h presence
configure:14971: /usr/bin/cc -E  conftest.c
configure:14971: $? = 0
configure:14971: result: yes
configure:14971: checking for float.h
configure:14971: result: yes
configure:14971: checking limits.h usability
configure:14971: /usr/bin/cc -c -m64 -fPIC  conftest.c >&5
configure:14971: $? = 0
configure:14971: result: yes
configure:14971: checking limits.h presence
configure:14971: /usr/bin/cc -E  conftest.c
configure:14971: $? = 0
configure:14971: result: yes
configure:14971: checking for limits.h
configure:14971: result: yes
configure:14971: checking for stdlib.h
configure:14971: result: yes
configure:14971: checking for string.h
configure:14971: result: yes
configure:14971: checking sys/time.h usability
configure:14971: /usr/bin/cc -c -m64 -fPIC  conftest.c >&5
configure:14971: $? = 0
configure:14971: result: yes
configure:14971: checking sys/time.h presence
configure:14971: /usr/bin/cc -E  conftest.c
configure:14971: $? = 0
configure:14971: result: yes
configure:14971: checking for sys/time.h
configure:14971: result: yes
configure:14971: checking for unistd.h
configure:14971: result: yes
configure:14983: checking for an ANSI C-conforming const
configure:15048: /usr/bin/cc -c -m64 -fPIC  conftest.c >&5
configure:15048: $? = 0
configure:15055: result: yes
configure:15063: checking for inline
configure:15079: /usr/bin/cc -c -m64 -fPIC  conftest.c >&5
configure:15079: $? = 0
configure:15087: result: inline
configure:15105: checking for size_t
configure:15105: /usr/bin/cc -c -m64 -fPIC  conftest.c >&5
configure:15105: $? = 0
configure:15105: /usr/bin/cc -c -m64 -fPIC  conftest.c >&5
conftest.c: In function 'main':
conftest.c:67:21: error: expected expression before ')' token
 if (sizeof ((size_t)))
                     ^
configure:15105: $? = 1
configure: failed program was:
| /* confdefs.h */
| #define PACKAGE_NAME "unuran"
| #define PACKAGE_TARNAME "unuran"
| #define PACKAGE_VERSION "1.8.0-root"
| #define PACKAGE_STRING "unuran 1.8.0-root"
| #define PACKAGE_BUGREPORT "unuran@statmath.wu.ac.at"
| #define PACKAGE_URL ""
| #define PACKAGE "unuran"
| #define VERSION "1.8.0-root"
| #define STDC_HEADERS 1
| #define HAVE_SYS_TYPES_H 1
| #define HAVE_SYS_STAT_H 1
| #define HAVE_STDLIB_H 1
| #define HAVE_STRING_H 1
| #define HAVE_MEMORY_H 1
| #define HAVE_STRINGS_H 1
| #define HAVE_INTTYPES_H 1
| #define HAVE_STDINT_H 1
| #define HAVE_UNISTD_H 1
| #define HAVE_DLFCN_H 1
| #define LT_OBJDIR ".libs/"
| #define HAVE_LIBM 1
| #define STDC_HEADERS 1
| #define HAVE_FLOAT_H 1
| #define HAVE_LIMITS_H 1
| #define HAVE_STDLIB_H 1
| #define HAVE_STRING_H 1
| #define HAVE_SYS_TIME_H 1
| #define HAVE_UNISTD_H 1
| /* end confdefs.h.  */
| #include <stdio.h>
| #ifdef HAVE_SYS_TYPES_H
| # include <sys/types.h>
| #endif
| #ifdef HAVE_SYS_STAT_H
| # include <sys/stat.h>
| #endif
| #ifdef STDC_HEADERS
| # include <stdlib.h>
| # include <stddef.h>
| #else
| # ifdef HAVE_STDLIB_H
| #  include <stdlib.h>
| # endif
| #endif
| #ifdef HAVE_STRING_H
| # if !defined STDC_HEADERS && defined HAVE_MEMORY_H
| #  include <memory.h>
| # endif
| # include <string.h>
| #endif
| #ifdef HAVE_STRINGS_H
| # include <strings.h>
| #endif
| #ifdef HAVE_INTTYPES_H
| # include <inttypes.h>
| #endif
| #ifdef HAVE_STDINT_H
| # include <stdint.h>
| #endif
| #ifdef HAVE_UNISTD_H
| # include <unistd.h>
| #endif
| int
| main ()
| {
| if (sizeof ((size_t)))
| 	    return 0;
|   ;
|   return 0;
| }
configure:15105: result: yes
configure:15116: checking whether time.h and sys/time.h may both be included
configure:15136: /usr/bin/cc -c -m64 -fPIC  conftest.c >&5
configure:15136: $? = 0
configure:15143: result: yes
configure:15155: checking for floor
configure:15155: /usr/bin/cc -o conftest -m64 -fPIC   conftest.c -lm  >&5
conftest.c:55:6: warning: conflicting types for built-in function 'floor' [-Wbuiltin-declaration-mismatch]
 char floor ();
      ^~~~~
configure:15155: $? = 0
configure:15155: result: yes
configure:15155: checking for gettimeofday
configure:15155: /usr/bin/cc -o conftest -m64 -fPIC   conftest.c -lm  >&5
configure:15155: $? = 0
configure:15155: result: yes
configure:15155: checking for pow
configure:15155: /usr/bin/cc -o conftest -m64 -fPIC   conftest.c -lm  >&5
conftest.c:57:6: warning: conflicting types for built-in function 'pow' [-Wbuiltin-declaration-mismatch]
 char pow ();
      ^~~
configure:15155: $? = 0
configure:15155: result: yes
configure:15155: checking for sqrt
configure:15155: /usr/bin/cc -o conftest -m64 -fPIC   conftest.c -lm  >&5
conftest.c:58:6: warning: conflicting types for built-in function 'sqrt' [-Wbuiltin-declaration-mismatch]
 char sqrt ();
      ^~~~
configure:15155: $? = 0
configure:15155: result: yes
configure:15155: checking for strcasecmp
configure:15155: /usr/bin/cc -o conftest -m64 -fPIC   conftest.c -lm  >&5
conftest.c:59:6: warning: conflicting types for built-in function 'strcasecmp' [-Wbuiltin-declaration-mismatch]
 char strcasecmp ();
      ^~~~~~~~~~
configure:15155: $? = 0
configure:15155: result: yes
configure:15155: checking for strchr
configure:15155: /usr/bin/cc -o conftest -m64 -fPIC   conftest.c -lm  >&5
conftest.c:60:6: warning: conflicting types for built-in function 'strchr' [-Wbuiltin-declaration-mismatch]
 char strchr ();
      ^~~~~~
configure:15155: $? = 0
configure:15155: result: yes
configure:15155: checking for strtol
configure:15155: /usr/bin/cc -o conftest -m64 -fPIC   conftest.c -lm  >&5
configure:15155: $? = 0
configure:15155: result: yes
configure:15155: checking for strtoul
configure:15155: /usr/bin/cc -o conftest -m64 -fPIC   conftest.c -lm  >&5
configure:15155: $? = 0
configure:15155: result: yes
configure:15168: checking whether log1p is declared
configure:15168: /usr/bin/cc -c -m64 -fPIC  conftest.c >&5
configure:15168: $? = 0
configure:15168: result: yes
configure:15182: checking whether getopt is declared
configure:15182: /usr/bin/cc -c -m64 -fPIC  conftest.c >&5
configure:15182: $? = 0
configure:15182: result: yes
configure:15192: checking whether snprintf is declared
configure:15192: /usr/bin/cc -c -m64 -fPIC  conftest.c >&5
configure:15192: $? = 0
configure:15192: result: yes
configure:15202: checking whether vsnprintf is declared
configure:15202: /usr/bin/cc -c -m64 -fPIC  conftest.c >&5
configure:15202: $? = 0
configure:15202: result: yes
configure:15214: checking whether isfinite is declared
configure:15214: /usr/bin/cc -c -m64 -fPIC  conftest.c >&5
configure:15214: $? = 0
configure:15214: result: yes
configure:15226: checking whether isinf is declared
configure:15226: /usr/bin/cc -c -m64 -fPIC  conftest.c >&5
configure:15226: $? = 0
configure:15226: result: yes
configure:15238: checking whether isnan is declared
configure:15238: /usr/bin/cc -c -m64 -fPIC  conftest.c >&5
configure:15238: $? = 0
configure:15238: result: yes
configure:15250: checking whether INFINITY is declared
configure:15250: /usr/bin/cc -c -m64 -fPIC  conftest.c >&5
configure:15250: $? = 0
configure:15250: result: yes
configure:15262: checking whether HUGE_VAL is declared
configure:15262: /usr/bin/cc -c -m64 -fPIC  conftest.c >&5
configure:15262: $? = 0
configure:15262: result: yes
configure:15275: checking whether alarm is declared
configure:15275: /usr/bin/cc -c -m64 -fPIC  conftest.c >&5
configure:15275: $? = 0
configure:15275: result: yes
configure:15287: checking whether signal is declared
configure:15287: /usr/bin/cc -c -m64 -fPIC  conftest.c >&5
configure:15287: $? = 0
configure:15287: result: yes
configure:15302: checking for alarm
configure:15302: /usr/bin/cc -o conftest -m64 -fPIC   conftest.c -lm  >&5
configure:15302: $? = 0
configure:15302: result: yes
configure:15302: checking for signal
configure:15302: /usr/bin/cc -o conftest -m64 -fPIC   conftest.c -lm  >&5
configure:15302: $? = 0
configure:15302: result: yes
configure:15314: checking for IEEE comparisons
configure:15336: /usr/bin/cc -o conftest -m64 -fPIC   conftest.c -lm  >&5
conftest.c: In function 'main':
conftest.c:62:4: warning: implicit declaration of function 'exit' [-Wimplicit-function-declaration]
    exit (status);
    ^~~~
conftest.c:62:4: warning: incompatible implicit declaration of built-in function 'exit'
conftest.c:62:4: note: include '<stdlib.h>' or provide a declaration of 'exit'
configure:15336: $? = 0
configure:15336: ./conftest
configure:15336: $? = 0
configure:15347: result: yes
configure:15467: checking for valgrind
configure:15495: result: false
configure:15694: creating ./config.status

## ---------------------- ##
## Running config.status. ##
## ---------------------- ##

This file was extended by unuran config.status 1.8.0-root, which was
generated by GNU Autoconf 2.65.  Invocation command line was

  CONFIG_FILES    = 
  CONFIG_HEADERS  = 
  CONFIG_LINKS    = 
  CONFIG_COMMANDS = 
  $ ./config.status 

on ubuntu

config.status:1189: creating Makefile
config.status:1189: creating src/Makefile
config.status:1189: creating src/distr/Makefile
config.status:1189: creating src/distributions/Makefile
config.status:1189: creating src/methods/Makefile
config.status:1189: creating src/parser/Makefile
config.status:1189: creating src/specfunct/Makefile
config.status:1189: creating src/tests/Makefile
config.status:1189: creating src/uniform/Makefile
config.status:1189: creating src/urng/Makefile
config.status:1189: creating src/utils/Makefile
config.status:1189: creating config.h
config.status:1409: executing depfiles commands
config.status:1409: executing libtool commands
configure:18217: result:
*========================================================
*
* Configuration for unuran-1.8.0-root:
*
*  Source directory:           .
*  Installation directory:     /usr/local
*  C Compiler:                 /usr/bin/cc
*
*  Build shared library:       no
*  Build static library:       yes
*
*  Use deprecated code:        no
*  Enable runtime checks:      no
*  Enable logging of data:     no
*  Enable info routine:        yes
*  Experimenal code:           no
*  Use Rmath library:          no
*
*  Support for external uniform random number generators
*    Rngstream:                no
*    PRNG:                     no
*    GSL:                      no
*
*  Default URNG:               builtin
*
*========================================================

configure:18262:
*===================================================
*
*   This is a pure source distribution!
*
*   For a manual, documented sources, tests,
*   and examples please download
*
*       unuran-1.8.0.tar.gz
*
*===================================================


## ---------------- ##
## Cache variables. ##
## ---------------- ##

ac_cv_build=x86_64-unknown-linux-gnu
ac_cv_c_compiler_gnu=yes
ac_cv_c_const=yes
ac_cv_c_ieee_comparisons=yes
ac_cv_c_inline=inline
ac_cv_cxx_compiler_gnu=yes
ac_cv_env_CCC_set=
ac_cv_env_CCC_value=
ac_cv_env_CC_set=set
ac_cv_env_CC_value=/usr/bin/cc
ac_cv_env_CFLAGS_set=set
ac_cv_env_CFLAGS_value='-m64 -fPIC'
ac_cv_env_CPPFLAGS_set=
ac_cv_env_CPPFLAGS_value=
ac_cv_env_CPP_set=
ac_cv_env_CPP_value=
ac_cv_env_CXXCPP_set=
ac_cv_env_CXXCPP_value=
ac_cv_env_CXXFLAGS_set=
ac_cv_env_CXXFLAGS_value=
ac_cv_env_CXX_set=
ac_cv_env_CXX_value=
ac_cv_env_LDFLAGS_set=
ac_cv_env_LDFLAGS_value=
ac_cv_env_LIBS_set=
ac_cv_env_LIBS_value=
ac_cv_env_build_alias_set=
ac_cv_env_build_alias_value=
ac_cv_env_host_alias_set=
ac_cv_env_host_alias_value=
ac_cv_env_target_alias_set=
ac_cv_env_target_alias_value=
ac_cv_func_alarm=yes
ac_cv_func_floor=yes
ac_cv_func_gettimeofday=yes
ac_cv_func_pow=yes
ac_cv_func_signal=yes
ac_cv_func_sqrt=yes
ac_cv_func_strcasecmp=yes
ac_cv_func_strchr=yes
ac_cv_func_strtol=yes
ac_cv_func_strtoul=yes
ac_cv_have_decl_HUGE_VAL=yes
ac_cv_have_decl_INFINITY=yes
ac_cv_have_decl_alarm=yes
ac_cv_have_decl_getopt=yes
ac_cv_have_decl_isfinite=yes
ac_cv_have_decl_isinf=yes
ac_cv_have_decl_isnan=yes
ac_cv_have_decl_log1p=yes
ac_cv_have_decl_signal=yes
ac_cv_have_decl_snprintf=yes
ac_cv_have_decl_vsnprintf=yes
ac_cv_header_dlfcn_h=yes
ac_cv_header_float_h=yes
ac_cv_header_inttypes_h=yes
ac_cv_header_limits_h=yes
ac_cv_header_memory_h=yes
ac_cv_header_stdc=yes
ac_cv_header_stdint_h=yes
ac_cv_header_stdlib_h=yes
ac_cv_header_string_h=yes
ac_cv_header_strings_h=yes
ac_cv_header_sys_stat_h=yes
ac_cv_header_sys_time_h=yes
ac_cv_header_sys_types_h=yes
ac_cv_header_time=yes
ac_cv_header_unistd_h=yes
ac_cv_host=x86_64-unknown-linux-gnu
ac_cv_lib_gsl_gsl_integration_qagiu=no
ac_cv_lib_m_sqrt=yes
ac_cv_objext=o
ac_cv_path_EGREP='/bin/grep -E'
ac_cv_path_FGREP='/bin/grep -F'
ac_cv_path_GREP=/bin/grep
ac_cv_path_SED=/bin/sed
ac_cv_path_install='/usr/bin/install -c'
ac_cv_path_mkdir=/bin/mkdir
ac_cv_prog_AWK=mawk
ac_cv_prog_CPP='/usr/bin/cc -E'
ac_cv_prog_CXXCPP='g++ -E'
ac_cv_prog_ac_ct_AR=ar
ac_cv_prog_ac_ct_CC=/usr/bin/cc
ac_cv_prog_ac_ct_CXX=g++
ac_cv_prog_ac_ct_OBJDUMP=objdump
ac_cv_prog_ac_ct_RANLIB=ranlib
ac_cv_prog_ac_ct_STRIP=strip
ac_cv_prog_cc_c89=
ac_cv_prog_cc_g=yes
ac_cv_prog_cxx_g=yes
ac_cv_prog_have_valgrind=false
ac_cv_prog_make_make_set=yes
ac_cv_type_size_t=yes
am_cv_CC_dependencies_compiler_type=gcc3
am_cv_CXX_dependencies_compiler_type=gcc3
lt_cv_deplibs_check_method=pass_all
lt_cv_file_magic_cmd='$MAGIC_CMD'
lt_cv_file_magic_test_file=
lt_cv_ld_reload_flag=-r
lt_cv_nm_interface='BSD nm'
lt_cv_objdir=.libs
lt_cv_path_LD=/usr/bin/ld
lt_cv_path_LDCXX='/usr/bin/ld -m elf_x86_64'
lt_cv_path_NM='/usr/bin/nm -B'
lt_cv_prog_compiler_c_o=yes
lt_cv_prog_compiler_c_o_CXX=yes
lt_cv_prog_compiler_pic_works=yes
lt_cv_prog_compiler_pic_works_CXX=yes
lt_cv_prog_compiler_rtti_exceptions=no
lt_cv_prog_compiler_static_works=yes
lt_cv_prog_compiler_static_works_CXX=yes
lt_cv_prog_gnu_ld=yes
lt_cv_prog_gnu_ldcxx=yes
lt_cv_shlibpath_overrides_runpath=yes
lt_cv_sys_global_symbol_pipe='sed -n -e '\''s/^.*[	 ]\([ABCDGIRSTW][ABCDGIRSTW]*\)[	 ][	 ]*\([_A-Za-z][_A-Za-z0-9]*\)$/\1 \2 \2/p'\'''
lt_cv_sys_global_symbol_to_c_name_address='sed -n -e '\''s/^: \([^ ]*\) $/  {\"\1\", (void *) 0},/p'\'' -e '\''s/^[ABCDGIRSTW]* \([^ ]*\) \([^ ]*\)$/  {"\2", (void *) \&\2},/p'\'''
lt_cv_sys_global_symbol_to_c_name_address_lib_prefix='sed -n -e '\''s/^: \([^ ]*\) $/  {\"\1\", (void *) 0},/p'\'' -e '\''s/^[ABCDGIRSTW]* \([^ ]*\) \(lib[^ ]*\)$/  {"\2", (void *) \&\2},/p'\'' -e '\''s/^[ABCDGIRSTW]* \([^ ]*\) \([^ ]*\)$/  {"lib\2", (void *) \&\2},/p'\'''
lt_cv_sys_global_symbol_to_cdecl='sed -n -e '\''s/^T .* \(.*\)$/extern int \1();/p'\'' -e '\''s/^[ABCDGIRSTW]* .* \(.*\)$/extern char \1;/p'\'''
lt_cv_sys_max_cmd_len=1572864

## ----------------- ##
## Output variables. ##
## ----------------- ##

ACLOCAL='${SHELL} /home/brandon/Projects/root-6.10.04/root/math/unuran/unuran-1.8.0-root/autoconf/missing --run aclocal-1.11'
AMDEPBACKSLASH='\'
AMDEP_FALSE='#'
AMDEP_TRUE=''
AMTAR='${SHELL} /home/brandon/Projects/root-6.10.04/root/math/unuran/unuran-1.8.0-root/autoconf/missing --run tar'
AM_CFLAGS=' -Wall -Wextra  -Wshadow'
AR='ar'
AUTOCONF='${SHELL} /home/brandon/Projects/root-6.10.04/root/math/unuran/unuran-1.8.0-root/autoconf/missing --run autoconf'
AUTOHEADER='${SHELL} /home/brandon/Projects/root-6.10.04/root/math/unuran/unuran-1.8.0-root/autoconf/missing --run autoheader'
AUTOMAKE='${SHELL} /home/brandon/Projects/root-6.10.04/root/math/unuran/unuran-1.8.0-root/autoconf/missing --run automake-1.11'
AWK='mawk'
CC='/usr/bin/cc'
CCDEPMODE='depmode=gcc3'
CFLAGS='-m64 -fPIC'
CPP='/usr/bin/cc -E'
CPPFLAGS=''
CXX='g++'
CXXCPP='g++ -E'
CXXDEPMODE='depmode=gcc3'
CXXFLAGS='-g -O2'
CYGPATH_W='echo'
DEFS='-DHAVE_CONFIG_H'
DEPDIR='.deps'
DSYMUTIL=''
DUMPBIN=''
ECHO_C=''
ECHO_N='-n'
ECHO_T=''
EGREP='/bin/grep -E'
ENABLE_DEPRECATED_FALSE=''
ENABLE_DEPRECATED_TRUE='#'
ENABLE_EXPERIMENTAL_FALSE=''
ENABLE_EXPERIMENTAL_TRUE='#'
EXEEXT=''
FGREP='/bin/grep -F'
GREP='/bin/grep'
HAVE_IEEE_COMPARISONS=''
HAVE_MATHEMATICA_FALSE=''
HAVE_MATHEMATICA_TRUE='#'
HAVE_VALGRIND_FALSE=''
HAVE_VALGRIND_TRUE='#'
INSTALL_DATA='${INSTALL} -m 644'
INSTALL_PROGRAM='${INSTALL}'
INSTALL_SCRIPT='${INSTALL}'
INSTALL_STRIP_PROGRAM='$(install_sh) -c -s'
LD='/usr/bin/ld -m elf_x86_64'
LDFLAGS=''
LIBOBJS=''
LIBS='-lm '
LIBTOOL='$(SHELL) $(top_builddir)/libtool'
LIPO=''
LN_S='ln -s'
LTLIBOBJS=''
MAINT='#'
MAINTAINER_MODE_FALSE=''
MAINTAINER_MODE_TRUE='#'
MAKEINFO='${SHELL} /home/brandon/Projects/root-6.10.04/root/math/unuran/unuran-1.8.0-root/autoconf/missing --run makeinfo'
MKDIR_P='/bin/mkdir -p'
NM='/usr/bin/nm -B'
NMEDIT=''
OBJDUMP='objdump'
OBJEXT='o'
OTOOL64=''
OTOOL=''
PACKAGE='unuran'
PACKAGE_BUGREPORT='unuran@statmath.wu.ac.at'
PACKAGE_NAME='unuran'
PACKAGE_STRING='unuran 1.8.0-root'
PACKAGE_TARNAME='unuran'
PACKAGE_URL=''
PACKAGE_VERSION='1.8.0-root'
PATH_SEPARATOR=':'
RANLIB='ranlib'
SED='/bin/sed'
SET_MAKE=''
SHELL='/bin/bash'
STRIP='strip'
UNURAN_LT_VERSION='15:0:0'
UNURAN_SUPPORTS_GSL=''
UNURAN_SUPPORTS_PRNG=''
UNURAN_SUPPORTS_RNGSTREAM=''
VERSION='1.8.0-root'
ac_ct_CC='/usr/bin/cc'
ac_ct_CXX='g++'
ac_ct_DUMPBIN=''
am__EXEEXT_FALSE=''
am__EXEEXT_TRUE='#'
am__fastdepCC_FALSE='#'
am__fastdepCC_TRUE=''
am__fastdepCXX_FALSE='#'
am__fastdepCXX_TRUE=''
am__include='include'
am__isrc=''
am__leading_dot='.'
am__quote=''
am__tar='${AMTAR} chof - "$$tardir"'
am__untar='${AMTAR} xf -'
bindir='${exec_prefix}/bin'
build='x86_64-unknown-linux-gnu'
build_alias=''
build_cpu='x86_64'
build_os='linux-gnu'
build_vendor='unknown'
datadir='${datarootdir}'
datarootdir='${prefix}/share'
docdir='${datarootdir}/doc/${PACKAGE_TARNAME}'
dvidir='${docdir}'
exec_prefix='${prefix}'
have_valgrind='false'
host='x86_64-unknown-linux-gnu'
host_alias=''
host_cpu='x86_64'
host_os='linux-gnu'
host_vendor='unknown'
htmldir='${docdir}'
includedir='${prefix}/include'
infodir='${datarootdir}/info'
install_sh='${SHELL} /home/brandon/Projects/root-6.10.04/root/math/unuran/unuran-1.8.0-root/autoconf/install-sh'
libdir='${exec_prefix}/lib'
libexecdir='${exec_prefix}/libexec'
localedir='${datarootdir}/locale'
localstatedir='${prefix}/var'
mandir='${datarootdir}/man'
mkdir_p='/bin/mkdir -p'
oldincludedir='/usr/include'
pdfdir='${docdir}'
prefix='/usr/local'
program_transform_name='s,x,x,'
psdir='${docdir}'
sbindir='${exec_prefix}/sbin'
sharedstatedir='${prefix}/com'
sysconfdir='${prefix}/etc'
target_alias=''

## ----------- ##
## confdefs.h. ##
## ----------- ##

/* confdefs.h */
#define PACKAGE_NAME "unuran"
#define PACKAGE_TARNAME "unuran"
#define PACKAGE_VERSION "1.8.0-root"
#define PACKAGE_STRING "unuran 1.8.0-root"
#define PACKAGE_BUGREPORT "unuran@statmath.wu.ac.at"
#define PACKAGE_URL ""
#define PACKAGE "unuran"
#define VERSION "1.8.0-root"
#define STDC_HEADERS 1
#define HAVE_SYS_TYPES_H 1
#define HAVE_SYS_STAT_H 1
#define HAVE_STDLIB_H 1
#define HAVE_STRING_H 1
#define HAVE_MEMORY_H 1
#define HAVE_STRINGS_H 1
#define HAVE_INTTYPES_H 1
#define HAVE_STDINT_H 1
#define HAVE_UNISTD_H 1
#define HAVE_DLFCN_H 1
#define LT_OBJDIR ".libs/"
#define HAVE_LIBM 1
#define STDC_HEADERS 1
#define HAVE_FLOAT_H 1
#define HAVE_LIMITS_H 1
#define HAVE_STDLIB_H 1
#define HAVE_STRING_H 1
#define HAVE_SYS_TIME_H 1
#define HAVE_UNISTD_H 1
#define TIME_WITH_SYS_TIME 1
#define HAVE_FLOOR 1
#define HAVE_GETTIMEOFDAY 1
#define HAVE_POW 1
#define HAVE_SQRT 1
#define HAVE_STRCASECMP 1
#define HAVE_STRCHR 1
#define HAVE_STRTOL 1
#define HAVE_STRTOUL 1
#define HAVE_DECL_LOG1P 1
#define HAVE_DECL_GETOPT 1
#define HAVE_DECL_SNPRINTF 1
#define HAVE_DECL_VSNPRINTF 1
#define HAVE_DECL_ISFINITE 1
#define HAVE_DECL_ISINF 1
#define HAVE_DECL_ISNAN 1
#define HAVE_DECL_INFINITY 1
#define HAVE_DECL_HUGE_VAL 1
#define HAVE_DECL_ALARM 1
#define HAVE_DECL_SIGNAL 1
#define HAVE_ALARM 1
#define HAVE_SIGNAL 1
#define HAVE_IEEE_COMPARISONS 1
#define UNUR_ENABLE_INFO 1

configure: exit 0
